(索引):83  Tracking Prevention blocked access to storage for https://cdnjs.cloudflare.com/ajax/libs/font-awesome/6.4.0/css/all.min.css.
(索引):83  Tracking Prevention blocked access to storage for https://cdnjs.cloudflare.com/ajax/libs/font-awesome/6.4.0/css/all.min.css.
(索引):83  Tracking Prevention blocked access to storage for https://cdnjs.cloudflare.com/ajax/libs/font-awesome/6.4.0/css/all.min.css.
(索引):83  Tracking Prevention blocked access to storage for https://cdnjs.cloudflare.com/ajax/libs/font-awesome/6.4.0/css/all.min.css.
vue.esm-browser.js:12840 You are running a development build of Vue.
Make sure to use the production build (*.prod.js) when deploying for production.
vue.esm-browser.js:2345  [Vue warn]: Property "onDragLeave" was accessed during render but is not defined on instance. 
  at <AdminApp onOpenDisplay=fn<onOpenDisplay> > 
  at <App>
warn$1 @ vue.esm-browser.js:2345
get @ vue.esm-browser.js:5473
get @ vue.esm-browser.js:5540
eval @ VM230:163
renderList @ vue.esm-browser.js:5249
render @ VM230:142
renderComponentRoot @ vue.esm-browser.js:6768
componentUpdateFn @ vue.esm-browser.js:8269
run @ vue.esm-browser.js:615
setupRenderEffect @ vue.esm-browser.js:8404
mountComponent @ vue.esm-browser.js:8178
processComponent @ vue.esm-browser.js:8130
patch @ vue.esm-browser.js:7647
mountChildren @ vue.esm-browser.js:7891
mountElement @ vue.esm-browser.js:7814
processElement @ vue.esm-browser.js:7769
patch @ vue.esm-browser.js:7635
mountChildren @ vue.esm-browser.js:7891
mountElement @ vue.esm-browser.js:7814
processElement @ vue.esm-browser.js:7769
patch @ vue.esm-browser.js:7635
mountChildren @ vue.esm-browser.js:7891
mountElement @ vue.esm-browser.js:7814
processElement @ vue.esm-browser.js:7769
patch @ vue.esm-browser.js:7635
mountChildren @ vue.esm-browser.js:7891
mountElement @ vue.esm-browser.js:7814
processElement @ vue.esm-browser.js:7769
patch @ vue.esm-browser.js:7635
componentUpdateFn @ vue.esm-browser.js:8276
run @ vue.esm-browser.js:615
setupRenderEffect @ vue.esm-browser.js:8404
mountComponent @ vue.esm-browser.js:8178
processComponent @ vue.esm-browser.js:8130
patch @ vue.esm-browser.js:7647
render @ vue.esm-browser.js:8941
mount @ vue.esm-browser.js:6277
app.mount @ vue.esm-browser.js:12570
(匿名) @ main.js:6
vue.esm-browser.js:2345  [Vue warn]: Property "onDragLeave" was accessed during render but is not defined on instance. 
  at <AdminApp onOpenDisplay=fn<onOpenDisplay> > 
  at <App>
warn$1 @ vue.esm-browser.js:2345
get @ vue.esm-browser.js:5473
get @ vue.esm-browser.js:5540
eval @ VM230:163
renderList @ vue.esm-browser.js:5249
render @ VM230:142
renderComponentRoot @ vue.esm-browser.js:6768
componentUpdateFn @ vue.esm-browser.js:8269
run @ vue.esm-browser.js:615
setupRenderEffect @ vue.esm-browser.js:8404
mountComponent @ vue.esm-browser.js:8178
processComponent @ vue.esm-browser.js:8130
patch @ vue.esm-browser.js:7647
mountChildren @ vue.esm-browser.js:7891
mountElement @ vue.esm-browser.js:7814
processElement @ vue.esm-browser.js:7769
patch @ vue.esm-browser.js:7635
mountChildren @ vue.esm-browser.js:7891
mountElement @ vue.esm-browser.js:7814
processElement @ vue.esm-browser.js:7769
patch @ vue.esm-browser.js:7635
mountChildren @ vue.esm-browser.js:7891
mountElement @ vue.esm-browser.js:7814
processElement @ vue.esm-browser.js:7769
patch @ vue.esm-browser.js:7635
mountChildren @ vue.esm-browser.js:7891
mountElement @ vue.esm-browser.js:7814
processElement @ vue.esm-browser.js:7769
patch @ vue.esm-browser.js:7635
componentUpdateFn @ vue.esm-browser.js:8276
run @ vue.esm-browser.js:615
setupRenderEffect @ vue.esm-browser.js:8404
mountComponent @ vue.esm-browser.js:8178
processComponent @ vue.esm-browser.js:8130
patch @ vue.esm-browser.js:7647
render @ vue.esm-browser.js:8941
mount @ vue.esm-browser.js:6277
app.mount @ vue.esm-browser.js:12570
(匿名) @ main.js:6
vue.esm-browser.js:2345  [Vue warn]: Property "onDragLeave" was accessed during render but is not defined on instance. 
  at <AdminApp onOpenDisplay=fn<onOpenDisplay> > 
  at <App>
warn$1 @ vue.esm-browser.js:2345
get @ vue.esm-browser.js:5473
get @ vue.esm-browser.js:5540
eval @ VM230:163
renderList @ vue.esm-browser.js:5249
render @ VM230:142
renderComponentRoot @ vue.esm-browser.js:6768
componentUpdateFn @ vue.esm-browser.js:8269
run @ vue.esm-browser.js:615
setupRenderEffect @ vue.esm-browser.js:8404
mountComponent @ vue.esm-browser.js:8178
processComponent @ vue.esm-browser.js:8130
patch @ vue.esm-browser.js:7647
mountChildren @ vue.esm-browser.js:7891
mountElement @ vue.esm-browser.js:7814
processElement @ vue.esm-browser.js:7769
patch @ vue.esm-browser.js:7635
mountChildren @ vue.esm-browser.js:7891
mountElement @ vue.esm-browser.js:7814
processElement @ vue.esm-browser.js:7769
patch @ vue.esm-browser.js:7635
mountChildren @ vue.esm-browser.js:7891
mountElement @ vue.esm-browser.js:7814
processElement @ vue.esm-browser.js:7769
patch @ vue.esm-browser.js:7635
mountChildren @ vue.esm-browser.js:7891
mountElement @ vue.esm-browser.js:7814
processElement @ vue.esm-browser.js:7769
patch @ vue.esm-browser.js:7635
componentUpdateFn @ vue.esm-browser.js:8276
run @ vue.esm-browser.js:615
setupRenderEffect @ vue.esm-browser.js:8404
mountComponent @ vue.esm-browser.js:8178
processComponent @ vue.esm-browser.js:8130
patch @ vue.esm-browser.js:7647
render @ vue.esm-browser.js:8941
mount @ vue.esm-browser.js:6277
app.mount @ vue.esm-browser.js:12570
(匿名) @ main.js:6
vue.esm-browser.js:2345  [Vue warn]: Property "onDragLeave" was accessed during render but is not defined on instance. 
  at <AdminApp onOpenDisplay=fn<onOpenDisplay> > 
  at <App>
warn$1 @ vue.esm-browser.js:2345
get @ vue.esm-browser.js:5473
get @ vue.esm-browser.js:5540
eval @ VM230:163
renderList @ vue.esm-browser.js:5249
render @ VM230:142
renderComponentRoot @ vue.esm-browser.js:6768
componentUpdateFn @ vue.esm-browser.js:8269
run @ vue.esm-browser.js:615
setupRenderEffect @ vue.esm-browser.js:8404
mountComponent @ vue.esm-browser.js:8178
processComponent @ vue.esm-browser.js:8130
patch @ vue.esm-browser.js:7647
mountChildren @ vue.esm-browser.js:7891
mountElement @ vue.esm-browser.js:7814
processElement @ vue.esm-browser.js:7769
patch @ vue.esm-browser.js:7635
mountChildren @ vue.esm-browser.js:7891
mountElement @ vue.esm-browser.js:7814
processElement @ vue.esm-browser.js:7769
patch @ vue.esm-browser.js:7635
mountChildren @ vue.esm-browser.js:7891
mountElement @ vue.esm-browser.js:7814
processElement @ vue.esm-browser.js:7769
patch @ vue.esm-browser.js:7635
mountChildren @ vue.esm-browser.js:7891
mountElement @ vue.esm-browser.js:7814
processElement @ vue.esm-browser.js:7769
patch @ vue.esm-browser.js:7635
componentUpdateFn @ vue.esm-browser.js:8276
run @ vue.esm-browser.js:615
setupRenderEffect @ vue.esm-browser.js:8404
mountComponent @ vue.esm-browser.js:8178
processComponent @ vue.esm-browser.js:8130
patch @ vue.esm-browser.js:7647
render @ vue.esm-browser.js:8941
mount @ vue.esm-browser.js:6277
app.mount @ vue.esm-browser.js:12570
(匿名) @ main.js:6
vue.esm-browser.js:2345  [Vue warn]: Property "onDragLeave" was accessed during render but is not defined on instance. 
  at <AdminApp onOpenDisplay=fn<onOpenDisplay> > 
  at <App>
warn$1 @ vue.esm-browser.js:2345
get @ vue.esm-browser.js:5473
get @ vue.esm-browser.js:5540
eval @ VM230:163
renderList @ vue.esm-browser.js:5249
render @ VM230:142
renderComponentRoot @ vue.esm-browser.js:6768
componentUpdateFn @ vue.esm-browser.js:8269
run @ vue.esm-browser.js:615
setupRenderEffect @ vue.esm-browser.js:8404
mountComponent @ vue.esm-browser.js:8178
processComponent @ vue.esm-browser.js:8130
patch @ vue.esm-browser.js:7647
mountChildren @ vue.esm-browser.js:7891
mountElement @ vue.esm-browser.js:7814
processElement @ vue.esm-browser.js:7769
patch @ vue.esm-browser.js:7635
mountChildren @ vue.esm-browser.js:7891
mountElement @ vue.esm-browser.js:7814
processElement @ vue.esm-browser.js:7769
patch @ vue.esm-browser.js:7635
mountChildren @ vue.esm-browser.js:7891
mountElement @ vue.esm-browser.js:7814
processElement @ vue.esm-browser.js:7769
patch @ vue.esm-browser.js:7635
mountChildren @ vue.esm-browser.js:7891
mountElement @ vue.esm-browser.js:7814
processElement @ vue.esm-browser.js:7769
patch @ vue.esm-browser.js:7635
componentUpdateFn @ vue.esm-browser.js:8276
run @ vue.esm-browser.js:615
setupRenderEffect @ vue.esm-browser.js:8404
mountComponent @ vue.esm-browser.js:8178
processComponent @ vue.esm-browser.js:8130
patch @ vue.esm-browser.js:7647
render @ vue.esm-browser.js:8941
mount @ vue.esm-browser.js:6277
app.mount @ vue.esm-browser.js:12570
(匿名) @ main.js:6
vue.esm-browser.js:2345  [Vue warn]: Property "onDragLeave" was accessed during render but is not defined on instance. 
  at <AdminApp onOpenDisplay=fn<onOpenDisplay> > 
  at <App>
warn$1 @ vue.esm-browser.js:2345
get @ vue.esm-browser.js:5473
get @ vue.esm-browser.js:5540
eval @ VM230:163
renderList @ vue.esm-browser.js:5249
render @ VM230:142
renderComponentRoot @ vue.esm-browser.js:6768
componentUpdateFn @ vue.esm-browser.js:8269
run @ vue.esm-browser.js:615
setupRenderEffect @ vue.esm-browser.js:8404
mountComponent @ vue.esm-browser.js:8178
processComponent @ vue.esm-browser.js:8130
patch @ vue.esm-browser.js:7647
mountChildren @ vue.esm-browser.js:7891
mountElement @ vue.esm-browser.js:7814
processElement @ vue.esm-browser.js:7769
patch @ vue.esm-browser.js:7635
mountChildren @ vue.esm-browser.js:7891
mountElement @ vue.esm-browser.js:7814
processElement @ vue.esm-browser.js:7769
patch @ vue.esm-browser.js:7635
mountChildren @ vue.esm-browser.js:7891
mountElement @ vue.esm-browser.js:7814
processElement @ vue.esm-browser.js:7769
patch @ vue.esm-browser.js:7635
mountChildren @ vue.esm-browser.js:7891
mountElement @ vue.esm-browser.js:7814
processElement @ vue.esm-browser.js:7769
patch @ vue.esm-browser.js:7635
componentUpdateFn @ vue.esm-browser.js:8276
run @ vue.esm-browser.js:615
setupRenderEffect @ vue.esm-browser.js:8404
mountComponent @ vue.esm-browser.js:8178
processComponent @ vue.esm-browser.js:8130
patch @ vue.esm-browser.js:7647
render @ vue.esm-browser.js:8941
mount @ vue.esm-browser.js:6277
app.mount @ vue.esm-browser.js:12570
(匿名) @ main.js:6
vue.esm-browser.js:2345  [Vue warn]: Property "onDragLeave" was accessed during render but is not defined on instance. 
  at <AdminApp onOpenDisplay=fn<onOpenDisplay> > 
  at <App>
warn$1 @ vue.esm-browser.js:2345
get @ vue.esm-browser.js:5473
get @ vue.esm-browser.js:5540
eval @ VM230:163
renderList @ vue.esm-browser.js:5249
render @ VM230:142
renderComponentRoot @ vue.esm-browser.js:6768
componentUpdateFn @ vue.esm-browser.js:8269
run @ vue.esm-browser.js:615
setupRenderEffect @ vue.esm-browser.js:8404
mountComponent @ vue.esm-browser.js:8178
processComponent @ vue.esm-browser.js:8130
patch @ vue.esm-browser.js:7647
mountChildren @ vue.esm-browser.js:7891
mountElement @ vue.esm-browser.js:7814
processElement @ vue.esm-browser.js:7769
patch @ vue.esm-browser.js:7635
mountChildren @ vue.esm-browser.js:7891
mountElement @ vue.esm-browser.js:7814
processElement @ vue.esm-browser.js:7769
patch @ vue.esm-browser.js:7635
mountChildren @ vue.esm-browser.js:7891
mountElement @ vue.esm-browser.js:7814
processElement @ vue.esm-browser.js:7769
patch @ vue.esm-browser.js:7635
mountChildren @ vue.esm-browser.js:7891
mountElement @ vue.esm-browser.js:7814
processElement @ vue.esm-browser.js:7769
patch @ vue.esm-browser.js:7635
componentUpdateFn @ vue.esm-browser.js:8276
run @ vue.esm-browser.js:615
setupRenderEffect @ vue.esm-browser.js:8404
mountComponent @ vue.esm-browser.js:8178
processComponent @ vue.esm-browser.js:8130
patch @ vue.esm-browser.js:7647
render @ vue.esm-browser.js:8941
mount @ vue.esm-browser.js:6277
app.mount @ vue.esm-browser.js:12570
(匿名) @ main.js:6
vue.esm-browser.js:2345  [Vue warn]: Property "onDragLeave" was accessed during render but is not defined on instance. 
  at <AdminApp onOpenDisplay=fn<onOpenDisplay> > 
  at <App>
warn$1 @ vue.esm-browser.js:2345
get @ vue.esm-browser.js:5473
get @ vue.esm-browser.js:5540
eval @ VM230:163
renderList @ vue.esm-browser.js:5249
render @ VM230:142
renderComponentRoot @ vue.esm-browser.js:6768
componentUpdateFn @ vue.esm-browser.js:8269
run @ vue.esm-browser.js:615
setupRenderEffect @ vue.esm-browser.js:8404
mountComponent @ vue.esm-browser.js:8178
processComponent @ vue.esm-browser.js:8130
patch @ vue.esm-browser.js:7647
mountChildren @ vue.esm-browser.js:7891
mountElement @ vue.esm-browser.js:7814
processElement @ vue.esm-browser.js:7769
patch @ vue.esm-browser.js:7635
mountChildren @ vue.esm-browser.js:7891
mountElement @ vue.esm-browser.js:7814
processElement @ vue.esm-browser.js:7769
patch @ vue.esm-browser.js:7635
mountChildren @ vue.esm-browser.js:7891
mountElement @ vue.esm-browser.js:7814
processElement @ vue.esm-browser.js:7769
patch @ vue.esm-browser.js:7635
mountChildren @ vue.esm-browser.js:7891
mountElement @ vue.esm-browser.js:7814
processElement @ vue.esm-browser.js:7769
patch @ vue.esm-browser.js:7635
componentUpdateFn @ vue.esm-browser.js:8276
run @ vue.esm-browser.js:615
setupRenderEffect @ vue.esm-browser.js:8404
mountComponent @ vue.esm-browser.js:8178
processComponent @ vue.esm-browser.js:8130
patch @ vue.esm-browser.js:7647
render @ vue.esm-browser.js:8941
mount @ vue.esm-browser.js:6277
app.mount @ vue.esm-browser.js:12570
(匿名) @ main.js:6
vue.esm-browser.js:2345  [Vue warn]: Property "onDragLeave" was accessed during render but is not defined on instance. 
  at <AdminApp onOpenDisplay=fn<onOpenDisplay> > 
  at <App>
warn$1 @ vue.esm-browser.js:2345
get @ vue.esm-browser.js:5473
get @ vue.esm-browser.js:5540
eval @ VM230:163
renderList @ vue.esm-browser.js:5249
render @ VM230:142
renderComponentRoot @ vue.esm-browser.js:6768
componentUpdateFn @ vue.esm-browser.js:8269
run @ vue.esm-browser.js:615
setupRenderEffect @ vue.esm-browser.js:8404
mountComponent @ vue.esm-browser.js:8178
processComponent @ vue.esm-browser.js:8130
patch @ vue.esm-browser.js:7647
mountChildren @ vue.esm-browser.js:7891
mountElement @ vue.esm-browser.js:7814
processElement @ vue.esm-browser.js:7769
patch @ vue.esm-browser.js:7635
mountChildren @ vue.esm-browser.js:7891
mountElement @ vue.esm-browser.js:7814
processElement @ vue.esm-browser.js:7769
patch @ vue.esm-browser.js:7635
mountChildren @ vue.esm-browser.js:7891
mountElement @ vue.esm-browser.js:7814
processElement @ vue.esm-browser.js:7769
patch @ vue.esm-browser.js:7635
mountChildren @ vue.esm-browser.js:7891
mountElement @ vue.esm-browser.js:7814
processElement @ vue.esm-browser.js:7769
patch @ vue.esm-browser.js:7635
componentUpdateFn @ vue.esm-browser.js:8276
run @ vue.esm-browser.js:615
setupRenderEffect @ vue.esm-browser.js:8404
mountComponent @ vue.esm-browser.js:8178
processComponent @ vue.esm-browser.js:8130
patch @ vue.esm-browser.js:7647
render @ vue.esm-browser.js:8941
mount @ vue.esm-browser.js:6277
app.mount @ vue.esm-browser.js:12570
(匿名) @ main.js:6
vue.esm-browser.js:2345  [Vue warn]: Property "onDragLeave" was accessed during render but is not defined on instance. 
  at <AdminApp onOpenDisplay=fn<onOpenDisplay> > 
  at <App>
warn$1 @ vue.esm-browser.js:2345
get @ vue.esm-browser.js:5473
get @ vue.esm-browser.js:5540
eval @ VM230:163
renderList @ vue.esm-browser.js:5249
render @ VM230:142
renderComponentRoot @ vue.esm-browser.js:6768
componentUpdateFn @ vue.esm-browser.js:8269
run @ vue.esm-browser.js:615
setupRenderEffect @ vue.esm-browser.js:8404
mountComponent @ vue.esm-browser.js:8178
processComponent @ vue.esm-browser.js:8130
patch @ vue.esm-browser.js:7647
mountChildren @ vue.esm-browser.js:7891
mountElement @ vue.esm-browser.js:7814
processElement @ vue.esm-browser.js:7769
patch @ vue.esm-browser.js:7635
mountChildren @ vue.esm-browser.js:7891
mountElement @ vue.esm-browser.js:7814
processElement @ vue.esm-browser.js:7769
patch @ vue.esm-browser.js:7635
mountChildren @ vue.esm-browser.js:7891
mountElement @ vue.esm-browser.js:7814
processElement @ vue.esm-browser.js:7769
patch @ vue.esm-browser.js:7635
mountChildren @ vue.esm-browser.js:7891
mountElement @ vue.esm-browser.js:7814
processElement @ vue.esm-browser.js:7769
patch @ vue.esm-browser.js:7635
componentUpdateFn @ vue.esm-browser.js:8276
run @ vue.esm-browser.js:615
setupRenderEffect @ vue.esm-browser.js:8404
mountComponent @ vue.esm-browser.js:8178
processComponent @ vue.esm-browser.js:8130
patch @ vue.esm-browser.js:7647
render @ vue.esm-browser.js:8941
mount @ vue.esm-browser.js:6277
app.mount @ vue.esm-browser.js:12570
(匿名) @ main.js:6
vue.esm-browser.js:2345  [Vue warn]: Property "onDragLeave" was accessed during render but is not defined on instance. 
  at <AdminApp onOpenDisplay=fn<onOpenDisplay> > 
  at <App>
warn$1 @ vue.esm-browser.js:2345
get @ vue.esm-browser.js:5473
get @ vue.esm-browser.js:5540
eval @ VM230:163
renderList @ vue.esm-browser.js:5249
render @ VM230:142
renderComponentRoot @ vue.esm-browser.js:6768
componentUpdateFn @ vue.esm-browser.js:8269
run @ vue.esm-browser.js:615
setupRenderEffect @ vue.esm-browser.js:8404
mountComponent @ vue.esm-browser.js:8178
processComponent @ vue.esm-browser.js:8130
patch @ vue.esm-browser.js:7647
mountChildren @ vue.esm-browser.js:7891
mountElement @ vue.esm-browser.js:7814
processElement @ vue.esm-browser.js:7769
patch @ vue.esm-browser.js:7635
mountChildren @ vue.esm-browser.js:7891
mountElement @ vue.esm-browser.js:7814
processElement @ vue.esm-browser.js:7769
patch @ vue.esm-browser.js:7635
mountChildren @ vue.esm-browser.js:7891
mountElement @ vue.esm-browser.js:7814
processElement @ vue.esm-browser.js:7769
patch @ vue.esm-browser.js:7635
mountChildren @ vue.esm-browser.js:7891
mountElement @ vue.esm-browser.js:7814
processElement @ vue.esm-browser.js:7769
patch @ vue.esm-browser.js:7635
componentUpdateFn @ vue.esm-browser.js:8276
run @ vue.esm-browser.js:615
setupRenderEffect @ vue.esm-browser.js:8404
mountComponent @ vue.esm-browser.js:8178
processComponent @ vue.esm-browser.js:8130
patch @ vue.esm-browser.js:7647
render @ vue.esm-browser.js:8941
mount @ vue.esm-browser.js:6277
app.mount @ vue.esm-browser.js:12570
(匿名) @ main.js:6
vue.esm-browser.js:2345  [Vue warn]: Property "onDragLeave" was accessed during render but is not defined on instance. 
  at <AdminApp onOpenDisplay=fn<onOpenDisplay> > 
  at <App>
warn$1 @ vue.esm-browser.js:2345
get @ vue.esm-browser.js:5473
get @ vue.esm-browser.js:5540
eval @ VM230:163
renderList @ vue.esm-browser.js:5249
render @ VM230:142
renderComponentRoot @ vue.esm-browser.js:6768
componentUpdateFn @ vue.esm-browser.js:8269
run @ vue.esm-browser.js:615
setupRenderEffect @ vue.esm-browser.js:8404
mountComponent @ vue.esm-browser.js:8178
processComponent @ vue.esm-browser.js:8130
patch @ vue.esm-browser.js:7647
mountChildren @ vue.esm-browser.js:7891
mountElement @ vue.esm-browser.js:7814
processElement @ vue.esm-browser.js:7769
patch @ vue.esm-browser.js:7635
mountChildren @ vue.esm-browser.js:7891
mountElement @ vue.esm-browser.js:7814
processElement @ vue.esm-browser.js:7769
patch @ vue.esm-browser.js:7635
mountChildren @ vue.esm-browser.js:7891
mountElement @ vue.esm-browser.js:7814
processElement @ vue.esm-browser.js:7769
patch @ vue.esm-browser.js:7635
mountChildren @ vue.esm-browser.js:7891
mountElement @ vue.esm-browser.js:7814
processElement @ vue.esm-browser.js:7769
patch @ vue.esm-browser.js:7635
componentUpdateFn @ vue.esm-browser.js:8276
run @ vue.esm-browser.js:615
setupRenderEffect @ vue.esm-browser.js:8404
mountComponent @ vue.esm-browser.js:8178
processComponent @ vue.esm-browser.js:8130
patch @ vue.esm-browser.js:7647
render @ vue.esm-browser.js:8941
mount @ vue.esm-browser.js:6277
app.mount @ vue.esm-browser.js:12570
(匿名) @ main.js:6
vue.esm-browser.js:2345  [Vue warn]: Property "onDragLeave" was accessed during render but is not defined on instance. 
  at <AdminApp onOpenDisplay=fn<onOpenDisplay> > 
  at <App>
warn$1 @ vue.esm-browser.js:2345
get @ vue.esm-browser.js:5473
get @ vue.esm-browser.js:5540
eval @ VM230:163
renderList @ vue.esm-browser.js:5249
render @ VM230:142
renderComponentRoot @ vue.esm-browser.js:6768
componentUpdateFn @ vue.esm-browser.js:8269
run @ vue.esm-browser.js:615
setupRenderEffect @ vue.esm-browser.js:8404
mountComponent @ vue.esm-browser.js:8178
processComponent @ vue.esm-browser.js:8130
patch @ vue.esm-browser.js:7647
mountChildren @ vue.esm-browser.js:7891
mountElement @ vue.esm-browser.js:7814
processElement @ vue.esm-browser.js:7769
patch @ vue.esm-browser.js:7635
mountChildren @ vue.esm-browser.js:7891
mountElement @ vue.esm-browser.js:7814
processElement @ vue.esm-browser.js:7769
patch @ vue.esm-browser.js:7635
mountChildren @ vue.esm-browser.js:7891
mountElement @ vue.esm-browser.js:7814
processElement @ vue.esm-browser.js:7769
patch @ vue.esm-browser.js:7635
mountChildren @ vue.esm-browser.js:7891
mountElement @ vue.esm-browser.js:7814
processElement @ vue.esm-browser.js:7769
patch @ vue.esm-browser.js:7635
componentUpdateFn @ vue.esm-browser.js:8276
run @ vue.esm-browser.js:615
setupRenderEffect @ vue.esm-browser.js:8404
mountComponent @ vue.esm-browser.js:8178
processComponent @ vue.esm-browser.js:8130
patch @ vue.esm-browser.js:7647
render @ vue.esm-browser.js:8941
mount @ vue.esm-browser.js:6277
app.mount @ vue.esm-browser.js:12570
(匿名) @ main.js:6
vue.esm-browser.js:2345  [Vue warn]: Property "onDragLeave" was accessed during render but is not defined on instance. 
  at <AdminApp onOpenDisplay=fn<onOpenDisplay> > 
  at <App>
warn$1 @ vue.esm-browser.js:2345
get @ vue.esm-browser.js:5473
get @ vue.esm-browser.js:5540
eval @ VM230:163
renderList @ vue.esm-browser.js:5249
render @ VM230:142
renderComponentRoot @ vue.esm-browser.js:6768
componentUpdateFn @ vue.esm-browser.js:8269
run @ vue.esm-browser.js:615
setupRenderEffect @ vue.esm-browser.js:8404
mountComponent @ vue.esm-browser.js:8178
processComponent @ vue.esm-browser.js:8130
patch @ vue.esm-browser.js:7647
mountChildren @ vue.esm-browser.js:7891
mountElement @ vue.esm-browser.js:7814
processElement @ vue.esm-browser.js:7769
patch @ vue.esm-browser.js:7635
mountChildren @ vue.esm-browser.js:7891
mountElement @ vue.esm-browser.js:7814
processElement @ vue.esm-browser.js:7769
patch @ vue.esm-browser.js:7635
mountChildren @ vue.esm-browser.js:7891
mountElement @ vue.esm-browser.js:7814
processElement @ vue.esm-browser.js:7769
patch @ vue.esm-browser.js:7635
mountChildren @ vue.esm-browser.js:7891
mountElement @ vue.esm-browser.js:7814
processElement @ vue.esm-browser.js:7769
patch @ vue.esm-browser.js:7635
componentUpdateFn @ vue.esm-browser.js:8276
run @ vue.esm-browser.js:615
setupRenderEffect @ vue.esm-browser.js:8404
mountComponent @ vue.esm-browser.js:8178
processComponent @ vue.esm-browser.js:8130
patch @ vue.esm-browser.js:7647
render @ vue.esm-browser.js:8941
mount @ vue.esm-browser.js:6277
app.mount @ vue.esm-browser.js:12570
(匿名) @ main.js:6
vue.esm-browser.js:2345  [Vue warn]: Property "onDragLeave" was accessed during render but is not defined on instance. 
  at <AdminApp onOpenDisplay=fn<onOpenDisplay> > 
  at <App>
warn$1 @ vue.esm-browser.js:2345
get @ vue.esm-browser.js:5473
get @ vue.esm-browser.js:5540
eval @ VM230:163
renderList @ vue.esm-browser.js:5249
render @ VM230:142
renderComponentRoot @ vue.esm-browser.js:6768
componentUpdateFn @ vue.esm-browser.js:8269
run @ vue.esm-browser.js:615
setupRenderEffect @ vue.esm-browser.js:8404
mountComponent @ vue.esm-browser.js:8178
processComponent @ vue.esm-browser.js:8130
patch @ vue.esm-browser.js:7647
mountChildren @ vue.esm-browser.js:7891
mountElement @ vue.esm-browser.js:7814
processElement @ vue.esm-browser.js:7769
patch @ vue.esm-browser.js:7635
mountChildren @ vue.esm-browser.js:7891
mountElement @ vue.esm-browser.js:7814
processElement @ vue.esm-browser.js:7769
patch @ vue.esm-browser.js:7635
mountChildren @ vue.esm-browser.js:7891
mountElement @ vue.esm-browser.js:7814
processElement @ vue.esm-browser.js:7769
patch @ vue.esm-browser.js:7635
mountChildren @ vue.esm-browser.js:7891
mountElement @ vue.esm-browser.js:7814
processElement @ vue.esm-browser.js:7769
patch @ vue.esm-browser.js:7635
componentUpdateFn @ vue.esm-browser.js:8276
run @ vue.esm-browser.js:615
setupRenderEffect @ vue.esm-browser.js:8404
mountComponent @ vue.esm-browser.js:8178
processComponent @ vue.esm-browser.js:8130
patch @ vue.esm-browser.js:7647
render @ vue.esm-browser.js:8941
mount @ vue.esm-browser.js:6277
app.mount @ vue.esm-browser.js:12570
(匿名) @ main.js:6
vue.esm-browser.js:2345  [Vue warn]: Property "onDragLeave" was accessed during render but is not defined on instance. 
  at <AdminApp onOpenDisplay=fn<onOpenDisplay> > 
  at <App>
warn$1 @ vue.esm-browser.js:2345
get @ vue.esm-browser.js:5473
get @ vue.esm-browser.js:5540
eval @ VM230:163
renderList @ vue.esm-browser.js:5249
render @ VM230:142
renderComponentRoot @ vue.esm-browser.js:6768
componentUpdateFn @ vue.esm-browser.js:8269
run @ vue.esm-browser.js:615
setupRenderEffect @ vue.esm-browser.js:8404
mountComponent @ vue.esm-browser.js:8178
processComponent @ vue.esm-browser.js:8130
patch @ vue.esm-browser.js:7647
mountChildren @ vue.esm-browser.js:7891
mountElement @ vue.esm-browser.js:7814
processElement @ vue.esm-browser.js:7769
patch @ vue.esm-browser.js:7635
mountChildren @ vue.esm-browser.js:7891
mountElement @ vue.esm-browser.js:7814
processElement @ vue.esm-browser.js:7769
patch @ vue.esm-browser.js:7635
mountChildren @ vue.esm-browser.js:7891
mountElement @ vue.esm-browser.js:7814
processElement @ vue.esm-browser.js:7769
patch @ vue.esm-browser.js:7635
mountChildren @ vue.esm-browser.js:7891
mountElement @ vue.esm-browser.js:7814
processElement @ vue.esm-browser.js:7769
patch @ vue.esm-browser.js:7635
componentUpdateFn @ vue.esm-browser.js:8276
run @ vue.esm-browser.js:615
setupRenderEffect @ vue.esm-browser.js:8404
mountComponent @ vue.esm-browser.js:8178
processComponent @ vue.esm-browser.js:8130
patch @ vue.esm-browser.js:7647
render @ vue.esm-browser.js:8941
mount @ vue.esm-browser.js:6277
app.mount @ vue.esm-browser.js:12570
(匿名) @ main.js:6
vue.esm-browser.js:2345  [Vue warn]: Property "onDragLeave" was accessed during render but is not defined on instance. 
  at <AdminApp onOpenDisplay=fn<onOpenDisplay> > 
  at <App>
warn$1 @ vue.esm-browser.js:2345
get @ vue.esm-browser.js:5473
get @ vue.esm-browser.js:5540
eval @ VM230:163
renderList @ vue.esm-browser.js:5249
render @ VM230:142
renderComponentRoot @ vue.esm-browser.js:6768
componentUpdateFn @ vue.esm-browser.js:8269
run @ vue.esm-browser.js:615
setupRenderEffect @ vue.esm-browser.js:8404
mountComponent @ vue.esm-browser.js:8178
processComponent @ vue.esm-browser.js:8130
patch @ vue.esm-browser.js:7647
mountChildren @ vue.esm-browser.js:7891
mountElement @ vue.esm-browser.js:7814
processElement @ vue.esm-browser.js:7769
patch @ vue.esm-browser.js:7635
mountChildren @ vue.esm-browser.js:7891
mountElement @ vue.esm-browser.js:7814
processElement @ vue.esm-browser.js:7769
patch @ vue.esm-browser.js:7635
mountChildren @ vue.esm-browser.js:7891
mountElement @ vue.esm-browser.js:7814
processElement @ vue.esm-browser.js:7769
patch @ vue.esm-browser.js:7635
mountChildren @ vue.esm-browser.js:7891
mountElement @ vue.esm-browser.js:7814
processElement @ vue.esm-browser.js:7769
patch @ vue.esm-browser.js:7635
componentUpdateFn @ vue.esm-browser.js:8276
run @ vue.esm-browser.js:615
setupRenderEffect @ vue.esm-browser.js:8404
mountComponent @ vue.esm-browser.js:8178
processComponent @ vue.esm-browser.js:8130
patch @ vue.esm-browser.js:7647
render @ vue.esm-browser.js:8941
mount @ vue.esm-browser.js:6277
app.mount @ vue.esm-browser.js:12570
(匿名) @ main.js:6
vue.esm-browser.js:2345  [Vue warn]: Property "onDragLeave" was accessed during render but is not defined on instance. 
  at <AdminApp onOpenDisplay=fn<onOpenDisplay> > 
  at <App>
warn$1 @ vue.esm-browser.js:2345
get @ vue.esm-browser.js:5473
get @ vue.esm-browser.js:5540
eval @ VM230:163
renderList @ vue.esm-browser.js:5249
render @ VM230:142
renderComponentRoot @ vue.esm-browser.js:6768
componentUpdateFn @ vue.esm-browser.js:8269
run @ vue.esm-browser.js:615
setupRenderEffect @ vue.esm-browser.js:8404
mountComponent @ vue.esm-browser.js:8178
processComponent @ vue.esm-browser.js:8130
patch @ vue.esm-browser.js:7647
mountChildren @ vue.esm-browser.js:7891
mountElement @ vue.esm-browser.js:7814
processElement @ vue.esm-browser.js:7769
patch @ vue.esm-browser.js:7635
mountChildren @ vue.esm-browser.js:7891
mountElement @ vue.esm-browser.js:7814
processElement @ vue.esm-browser.js:7769
patch @ vue.esm-browser.js:7635
mountChildren @ vue.esm-browser.js:7891
mountElement @ vue.esm-browser.js:7814
processElement @ vue.esm-browser.js:7769
patch @ vue.esm-browser.js:7635
mountChildren @ vue.esm-browser.js:7891
mountElement @ vue.esm-browser.js:7814
processElement @ vue.esm-browser.js:7769
patch @ vue.esm-browser.js:7635
componentUpdateFn @ vue.esm-browser.js:8276
run @ vue.esm-browser.js:615
setupRenderEffect @ vue.esm-browser.js:8404
mountComponent @ vue.esm-browser.js:8178
processComponent @ vue.esm-browser.js:8130
patch @ vue.esm-browser.js:7647
render @ vue.esm-browser.js:8941
mount @ vue.esm-browser.js:6277
app.mount @ vue.esm-browser.js:12570
(匿名) @ main.js:6
vue.esm-browser.js:2345  [Vue warn]: Property "onDragLeave" was accessed during render but is not defined on instance. 
  at <AdminApp onOpenDisplay=fn<onOpenDisplay> > 
  at <App>
warn$1 @ vue.esm-browser.js:2345
get @ vue.esm-browser.js:5473
get @ vue.esm-browser.js:5540
eval @ VM230:163
renderList @ vue.esm-browser.js:5249
render @ VM230:142
renderComponentRoot @ vue.esm-browser.js:6768
componentUpdateFn @ vue.esm-browser.js:8269
run @ vue.esm-browser.js:615
setupRenderEffect @ vue.esm-browser.js:8404
mountComponent @ vue.esm-browser.js:8178
processComponent @ vue.esm-browser.js:8130
patch @ vue.esm-browser.js:7647
mountChildren @ vue.esm-browser.js:7891
mountElement @ vue.esm-browser.js:7814
processElement @ vue.esm-browser.js:7769
patch @ vue.esm-browser.js:7635
mountChildren @ vue.esm-browser.js:7891
mountElement @ vue.esm-browser.js:7814
processElement @ vue.esm-browser.js:7769
patch @ vue.esm-browser.js:7635
mountChildren @ vue.esm-browser.js:7891
mountElement @ vue.esm-browser.js:7814
processElement @ vue.esm-browser.js:7769
patch @ vue.esm-browser.js:7635
mountChildren @ vue.esm-browser.js:7891
mountElement @ vue.esm-browser.js:7814
processElement @ vue.esm-browser.js:7769
patch @ vue.esm-browser.js:7635
componentUpdateFn @ vue.esm-browser.js:8276
run @ vue.esm-browser.js:615
setupRenderEffect @ vue.esm-browser.js:8404
mountComponent @ vue.esm-browser.js:8178
processComponent @ vue.esm-browser.js:8130
patch @ vue.esm-browser.js:7647
render @ vue.esm-browser.js:8941
mount @ vue.esm-browser.js:6277
app.mount @ vue.esm-browser.js:12570
(匿名) @ main.js:6
vue.esm-browser.js:2345  [Vue warn]: Property "onDragLeave" was accessed during render but is not defined on instance. 
  at <AdminApp onOpenDisplay=fn<onOpenDisplay> > 
  at <App>
warn$1 @ vue.esm-browser.js:2345
get @ vue.esm-browser.js:5473
get @ vue.esm-browser.js:5540
eval @ VM230:163
renderList @ vue.esm-browser.js:5249
render @ VM230:142
renderComponentRoot @ vue.esm-browser.js:6768
componentUpdateFn @ vue.esm-browser.js:8269
run @ vue.esm-browser.js:615
setupRenderEffect @ vue.esm-browser.js:8404
mountComponent @ vue.esm-browser.js:8178
processComponent @ vue.esm-browser.js:8130
patch @ vue.esm-browser.js:7647
mountChildren @ vue.esm-browser.js:7891
mountElement @ vue.esm-browser.js:7814
processElement @ vue.esm-browser.js:7769
patch @ vue.esm-browser.js:7635
mountChildren @ vue.esm-browser.js:7891
mountElement @ vue.esm-browser.js:7814
processElement @ vue.esm-browser.js:7769
patch @ vue.esm-browser.js:7635
mountChildren @ vue.esm-browser.js:7891
mountElement @ vue.esm-browser.js:7814
processElement @ vue.esm-browser.js:7769
patch @ vue.esm-browser.js:7635
mountChildren @ vue.esm-browser.js:7891
mountElement @ vue.esm-browser.js:7814
processElement @ vue.esm-browser.js:7769
patch @ vue.esm-browser.js:7635
componentUpdateFn @ vue.esm-browser.js:8276
run @ vue.esm-browser.js:615
setupRenderEffect @ vue.esm-browser.js:8404
mountComponent @ vue.esm-browser.js:8178
processComponent @ vue.esm-browser.js:8130
patch @ vue.esm-browser.js:7647
render @ vue.esm-browser.js:8941
mount @ vue.esm-browser.js:6277
app.mount @ vue.esm-browser.js:12570
(匿名) @ main.js:6
vue.esm-browser.js:2345  [Vue warn]: Property "onDragLeave" was accessed during render but is not defined on instance. 
  at <AdminApp onOpenDisplay=fn<onOpenDisplay> > 
  at <App>
warn$1 @ vue.esm-browser.js:2345
get @ vue.esm-browser.js:5473
get @ vue.esm-browser.js:5540
eval @ VM230:163
renderList @ vue.esm-browser.js:5249
render @ VM230:142
renderComponentRoot @ vue.esm-browser.js:6768
componentUpdateFn @ vue.esm-browser.js:8269
run @ vue.esm-browser.js:615
setupRenderEffect @ vue.esm-browser.js:8404
mountComponent @ vue.esm-browser.js:8178
processComponent @ vue.esm-browser.js:8130
patch @ vue.esm-browser.js:7647
mountChildren @ vue.esm-browser.js:7891
mountElement @ vue.esm-browser.js:7814
processElement @ vue.esm-browser.js:7769
patch @ vue.esm-browser.js:7635
mountChildren @ vue.esm-browser.js:7891
mountElement @ vue.esm-browser.js:7814
processElement @ vue.esm-browser.js:7769
patch @ vue.esm-browser.js:7635
mountChildren @ vue.esm-browser.js:7891
mountElement @ vue.esm-browser.js:7814
processElement @ vue.esm-browser.js:7769
patch @ vue.esm-browser.js:7635
mountChildren @ vue.esm-browser.js:7891
mountElement @ vue.esm-browser.js:7814
processElement @ vue.esm-browser.js:7769
patch @ vue.esm-browser.js:7635
componentUpdateFn @ vue.esm-browser.js:8276
run @ vue.esm-browser.js:615
setupRenderEffect @ vue.esm-browser.js:8404
mountComponent @ vue.esm-browser.js:8178
processComponent @ vue.esm-browser.js:8130
patch @ vue.esm-browser.js:7647
render @ vue.esm-browser.js:8941
mount @ vue.esm-browser.js:6277
app.mount @ vue.esm-browser.js:12570
(匿名) @ main.js:6
vue.esm-browser.js:2345  [Vue warn]: Property "onDragLeave" was accessed during render but is not defined on instance. 
  at <AdminApp onOpenDisplay=fn<onOpenDisplay> > 
  at <App>
warn$1 @ vue.esm-browser.js:2345
get @ vue.esm-browser.js:5473
get @ vue.esm-browser.js:5540
eval @ VM230:163
renderList @ vue.esm-browser.js:5249
render @ VM230:142
renderComponentRoot @ vue.esm-browser.js:6768
componentUpdateFn @ vue.esm-browser.js:8269
run @ vue.esm-browser.js:615
setupRenderEffect @ vue.esm-browser.js:8404
mountComponent @ vue.esm-browser.js:8178
processComponent @ vue.esm-browser.js:8130
patch @ vue.esm-browser.js:7647
mountChildren @ vue.esm-browser.js:7891
mountElement @ vue.esm-browser.js:7814
processElement @ vue.esm-browser.js:7769
patch @ vue.esm-browser.js:7635
mountChildren @ vue.esm-browser.js:7891
mountElement @ vue.esm-browser.js:7814
processElement @ vue.esm-browser.js:7769
patch @ vue.esm-browser.js:7635
mountChildren @ vue.esm-browser.js:7891
mountElement @ vue.esm-browser.js:7814
processElement @ vue.esm-browser.js:7769
patch @ vue.esm-browser.js:7635
mountChildren @ vue.esm-browser.js:7891
mountElement @ vue.esm-browser.js:7814
processElement @ vue.esm-browser.js:7769
patch @ vue.esm-browser.js:7635
componentUpdateFn @ vue.esm-browser.js:8276
run @ vue.esm-browser.js:615
setupRenderEffect @ vue.esm-browser.js:8404
mountComponent @ vue.esm-browser.js:8178
processComponent @ vue.esm-browser.js:8130
patch @ vue.esm-browser.js:7647
render @ vue.esm-browser.js:8941
mount @ vue.esm-browser.js:6277
app.mount @ vue.esm-browser.js:12570
(匿名) @ main.js:6
vue.esm-browser.js:2345  [Vue warn]: Property "onDragLeave" was accessed during render but is not defined on instance. 
  at <AdminApp onOpenDisplay=fn<onOpenDisplay> > 
  at <App>
warn$1 @ vue.esm-browser.js:2345
get @ vue.esm-browser.js:5473
get @ vue.esm-browser.js:5540
eval @ VM230:163
renderList @ vue.esm-browser.js:5249
render @ VM230:142
renderComponentRoot @ vue.esm-browser.js:6768
componentUpdateFn @ vue.esm-browser.js:8269
run @ vue.esm-browser.js:615
setupRenderEffect @ vue.esm-browser.js:8404
mountComponent @ vue.esm-browser.js:8178
processComponent @ vue.esm-browser.js:8130
patch @ vue.esm-browser.js:7647
mountChildren @ vue.esm-browser.js:7891
mountElement @ vue.esm-browser.js:7814
processElement @ vue.esm-browser.js:7769
patch @ vue.esm-browser.js:7635
mountChildren @ vue.esm-browser.js:7891
mountElement @ vue.esm-browser.js:7814
processElement @ vue.esm-browser.js:7769
patch @ vue.esm-browser.js:7635
mountChildren @ vue.esm-browser.js:7891
mountElement @ vue.esm-browser.js:7814
processElement @ vue.esm-browser.js:7769
patch @ vue.esm-browser.js:7635
mountChildren @ vue.esm-browser.js:7891
mountElement @ vue.esm-browser.js:7814
processElement @ vue.esm-browser.js:7769
patch @ vue.esm-browser.js:7635
componentUpdateFn @ vue.esm-browser.js:8276
run @ vue.esm-browser.js:615
setupRenderEffect @ vue.esm-browser.js:8404
mountComponent @ vue.esm-browser.js:8178
processComponent @ vue.esm-browser.js:8130
patch @ vue.esm-browser.js:7647
render @ vue.esm-browser.js:8941
mount @ vue.esm-browser.js:6277
app.mount @ vue.esm-browser.js:12570
(匿名) @ main.js:6
vue.esm-browser.js:2345  [Vue warn]: Property "onDragLeave" was accessed during render but is not defined on instance. 
  at <AdminApp onOpenDisplay=fn<onOpenDisplay> > 
  at <App>
warn$1 @ vue.esm-browser.js:2345
get @ vue.esm-browser.js:5473
get @ vue.esm-browser.js:5540
eval @ VM230:163
renderList @ vue.esm-browser.js:5249
render @ VM230:142
renderComponentRoot @ vue.esm-browser.js:6768
componentUpdateFn @ vue.esm-browser.js:8269
run @ vue.esm-browser.js:615
setupRenderEffect @ vue.esm-browser.js:8404
mountComponent @ vue.esm-browser.js:8178
processComponent @ vue.esm-browser.js:8130
patch @ vue.esm-browser.js:7647
mountChildren @ vue.esm-browser.js:7891
mountElement @ vue.esm-browser.js:7814
processElement @ vue.esm-browser.js:7769
patch @ vue.esm-browser.js:7635
mountChildren @ vue.esm-browser.js:7891
mountElement @ vue.esm-browser.js:7814
processElement @ vue.esm-browser.js:7769
patch @ vue.esm-browser.js:7635
mountChildren @ vue.esm-browser.js:7891
mountElement @ vue.esm-browser.js:7814
processElement @ vue.esm-browser.js:7769
patch @ vue.esm-browser.js:7635
mountChildren @ vue.esm-browser.js:7891
mountElement @ vue.esm-browser.js:7814
processElement @ vue.esm-browser.js:7769
patch @ vue.esm-browser.js:7635
componentUpdateFn @ vue.esm-browser.js:8276
run @ vue.esm-browser.js:615
setupRenderEffect @ vue.esm-browser.js:8404
mountComponent @ vue.esm-browser.js:8178
processComponent @ vue.esm-browser.js:8130
patch @ vue.esm-browser.js:7647
render @ vue.esm-browser.js:8941
mount @ vue.esm-browser.js:6277
app.mount @ vue.esm-browser.js:12570
(匿名) @ main.js:6
vue.esm-browser.js:2345  [Vue warn]: Property "onDragLeave" was accessed during render but is not defined on instance. 
  at <AdminApp onOpenDisplay=fn<onOpenDisplay> > 
  at <App>
warn$1 @ vue.esm-browser.js:2345
get @ vue.esm-browser.js:5473
get @ vue.esm-browser.js:5540
eval @ VM230:163
renderList @ vue.esm-browser.js:5249
render @ VM230:142
renderComponentRoot @ vue.esm-browser.js:6768
componentUpdateFn @ vue.esm-browser.js:8269
run @ vue.esm-browser.js:615
setupRenderEffect @ vue.esm-browser.js:8404
mountComponent @ vue.esm-browser.js:8178
processComponent @ vue.esm-browser.js:8130
patch @ vue.esm-browser.js:7647
mountChildren @ vue.esm-browser.js:7891
mountElement @ vue.esm-browser.js:7814
processElement @ vue.esm-browser.js:7769
patch @ vue.esm-browser.js:7635
mountChildren @ vue.esm-browser.js:7891
mountElement @ vue.esm-browser.js:7814
processElement @ vue.esm-browser.js:7769
patch @ vue.esm-browser.js:7635
mountChildren @ vue.esm-browser.js:7891
mountElement @ vue.esm-browser.js:7814
processElement @ vue.esm-browser.js:7769
patch @ vue.esm-browser.js:7635
mountChildren @ vue.esm-browser.js:7891
mountElement @ vue.esm-browser.js:7814
processElement @ vue.esm-browser.js:7769
patch @ vue.esm-browser.js:7635
componentUpdateFn @ vue.esm-browser.js:8276
run @ vue.esm-browser.js:615
setupRenderEffect @ vue.esm-browser.js:8404
mountComponent @ vue.esm-browser.js:8178
processComponent @ vue.esm-browser.js:8130
patch @ vue.esm-browser.js:7647
render @ vue.esm-browser.js:8941
mount @ vue.esm-browser.js:6277
app.mount @ vue.esm-browser.js:12570
(匿名) @ main.js:6
vue.esm-browser.js:2345  [Vue warn]: Property "onDragLeave" was accessed during render but is not defined on instance. 
  at <AdminApp onOpenDisplay=fn<onOpenDisplay> > 
  at <App>
warn$1 @ vue.esm-browser.js:2345
get @ vue.esm-browser.js:5473
get @ vue.esm-browser.js:5540
eval @ VM230:163
renderList @ vue.esm-browser.js:5249
render @ VM230:142
renderComponentRoot @ vue.esm-browser.js:6768
componentUpdateFn @ vue.esm-browser.js:8269
run @ vue.esm-browser.js:615
setupRenderEffect @ vue.esm-browser.js:8404
mountComponent @ vue.esm-browser.js:8178
processComponent @ vue.esm-browser.js:8130
patch @ vue.esm-browser.js:7647
mountChildren @ vue.esm-browser.js:7891
mountElement @ vue.esm-browser.js:7814
processElement @ vue.esm-browser.js:7769
patch @ vue.esm-browser.js:7635
mountChildren @ vue.esm-browser.js:7891
mountElement @ vue.esm-browser.js:7814
processElement @ vue.esm-browser.js:7769
patch @ vue.esm-browser.js:7635
mountChildren @ vue.esm-browser.js:7891
mountElement @ vue.esm-browser.js:7814
processElement @ vue.esm-browser.js:7769
patch @ vue.esm-browser.js:7635
mountChildren @ vue.esm-browser.js:7891
mountElement @ vue.esm-browser.js:7814
processElement @ vue.esm-browser.js:7769
patch @ vue.esm-browser.js:7635
componentUpdateFn @ vue.esm-browser.js:8276
run @ vue.esm-browser.js:615
setupRenderEffect @ vue.esm-browser.js:8404
mountComponent @ vue.esm-browser.js:8178
processComponent @ vue.esm-browser.js:8130
patch @ vue.esm-browser.js:7647
render @ vue.esm-browser.js:8941
mount @ vue.esm-browser.js:6277
app.mount @ vue.esm-browser.js:12570
(匿名) @ main.js:6
vue.esm-browser.js:2345  [Vue warn]: Property "onDragLeave" was accessed during render but is not defined on instance. 
  at <AdminApp onOpenDisplay=fn<onOpenDisplay> > 
  at <App>
warn$1 @ vue.esm-browser.js:2345
get @ vue.esm-browser.js:5473
get @ vue.esm-browser.js:5540
eval @ VM230:163
renderList @ vue.esm-browser.js:5249
render @ VM230:142
renderComponentRoot @ vue.esm-browser.js:6768
componentUpdateFn @ vue.esm-browser.js:8269
run @ vue.esm-browser.js:615
setupRenderEffect @ vue.esm-browser.js:8404
mountComponent @ vue.esm-browser.js:8178
processComponent @ vue.esm-browser.js:8130
patch @ vue.esm-browser.js:7647
mountChildren @ vue.esm-browser.js:7891
mountElement @ vue.esm-browser.js:7814
processElement @ vue.esm-browser.js:7769
patch @ vue.esm-browser.js:7635
mountChildren @ vue.esm-browser.js:7891
mountElement @ vue.esm-browser.js:7814
processElement @ vue.esm-browser.js:7769
patch @ vue.esm-browser.js:7635
mountChildren @ vue.esm-browser.js:7891
mountElement @ vue.esm-browser.js:7814
processElement @ vue.esm-browser.js:7769
patch @ vue.esm-browser.js:7635
mountChildren @ vue.esm-browser.js:7891
mountElement @ vue.esm-browser.js:7814
processElement @ vue.esm-browser.js:7769
patch @ vue.esm-browser.js:7635
componentUpdateFn @ vue.esm-browser.js:8276
run @ vue.esm-browser.js:615
setupRenderEffect @ vue.esm-browser.js:8404
mountComponent @ vue.esm-browser.js:8178
processComponent @ vue.esm-browser.js:8130
patch @ vue.esm-browser.js:7647
render @ vue.esm-browser.js:8941
mount @ vue.esm-browser.js:6277
app.mount @ vue.esm-browser.js:12570
(匿名) @ main.js:6
vue.esm-browser.js:2345  [Vue warn]: Property "onDragLeave" was accessed during render but is not defined on instance. 
  at <AdminApp onOpenDisplay=fn<onOpenDisplay> > 
  at <App>
warn$1 @ vue.esm-browser.js:2345
get @ vue.esm-browser.js:5473
get @ vue.esm-browser.js:5540
eval @ VM230:163
renderList @ vue.esm-browser.js:5249
render @ VM230:142
renderComponentRoot @ vue.esm-browser.js:6768
componentUpdateFn @ vue.esm-browser.js:8269
run @ vue.esm-browser.js:615
setupRenderEffect @ vue.esm-browser.js:8404
mountComponent @ vue.esm-browser.js:8178
processComponent @ vue.esm-browser.js:8130
patch @ vue.esm-browser.js:7647
mountChildren @ vue.esm-browser.js:7891
mountElement @ vue.esm-browser.js:7814
processElement @ vue.esm-browser.js:7769
patch @ vue.esm-browser.js:7635
mountChildren @ vue.esm-browser.js:7891
mountElement @ vue.esm-browser.js:7814
processElement @ vue.esm-browser.js:7769
patch @ vue.esm-browser.js:7635
mountChildren @ vue.esm-browser.js:7891
mountElement @ vue.esm-browser.js:7814
processElement @ vue.esm-browser.js:7769
patch @ vue.esm-browser.js:7635
mountChildren @ vue.esm-browser.js:7891
mountElement @ vue.esm-browser.js:7814
processElement @ vue.esm-browser.js:7769
patch @ vue.esm-browser.js:7635
componentUpdateFn @ vue.esm-browser.js:8276
run @ vue.esm-browser.js:615
setupRenderEffect @ vue.esm-browser.js:8404
mountComponent @ vue.esm-browser.js:8178
processComponent @ vue.esm-browser.js:8130
patch @ vue.esm-browser.js:7647
render @ vue.esm-browser.js:8941
mount @ vue.esm-browser.js:6277
app.mount @ vue.esm-browser.js:12570
(匿名) @ main.js:6
vue.esm-browser.js:2345  [Vue warn]: Property "onDragLeave" was accessed during render but is not defined on instance. 
  at <AdminApp onOpenDisplay=fn<onOpenDisplay> > 
  at <App>
warn$1 @ vue.esm-browser.js:2345
get @ vue.esm-browser.js:5473
get @ vue.esm-browser.js:5540
eval @ VM230:163
renderList @ vue.esm-browser.js:5249
render @ VM230:142
renderComponentRoot @ vue.esm-browser.js:6768
componentUpdateFn @ vue.esm-browser.js:8269
run @ vue.esm-browser.js:615
setupRenderEffect @ vue.esm-browser.js:8404
mountComponent @ vue.esm-browser.js:8178
processComponent @ vue.esm-browser.js:8130
patch @ vue.esm-browser.js:7647
mountChildren @ vue.esm-browser.js:7891
mountElement @ vue.esm-browser.js:7814
processElement @ vue.esm-browser.js:7769
patch @ vue.esm-browser.js:7635
mountChildren @ vue.esm-browser.js:7891
mountElement @ vue.esm-browser.js:7814
processElement @ vue.esm-browser.js:7769
patch @ vue.esm-browser.js:7635
mountChildren @ vue.esm-browser.js:7891
mountElement @ vue.esm-browser.js:7814
processElement @ vue.esm-browser.js:7769
patch @ vue.esm-browser.js:7635
mountChildren @ vue.esm-browser.js:7891
mountElement @ vue.esm-browser.js:7814
processElement @ vue.esm-browser.js:7769
patch @ vue.esm-browser.js:7635
componentUpdateFn @ vue.esm-browser.js:8276
run @ vue.esm-browser.js:615
setupRenderEffect @ vue.esm-browser.js:8404
mountComponent @ vue.esm-browser.js:8178
processComponent @ vue.esm-browser.js:8130
patch @ vue.esm-browser.js:7647
render @ vue.esm-browser.js:8941
mount @ vue.esm-browser.js:6277
app.mount @ vue.esm-browser.js:12570
(匿名) @ main.js:6
vue.esm-browser.js:2345  [Vue warn]: Property "onDragLeave" was accessed during render but is not defined on instance. 
  at <AdminApp onOpenDisplay=fn<onOpenDisplay> > 
  at <App>
warn$1 @ vue.esm-browser.js:2345
get @ vue.esm-browser.js:5473
get @ vue.esm-browser.js:5540
eval @ VM230:163
renderList @ vue.esm-browser.js:5249
render @ VM230:142
renderComponentRoot @ vue.esm-browser.js:6768
componentUpdateFn @ vue.esm-browser.js:8269
run @ vue.esm-browser.js:615
setupRenderEffect @ vue.esm-browser.js:8404
mountComponent @ vue.esm-browser.js:8178
processComponent @ vue.esm-browser.js:8130
patch @ vue.esm-browser.js:7647
mountChildren @ vue.esm-browser.js:7891
mountElement @ vue.esm-browser.js:7814
processElement @ vue.esm-browser.js:7769
patch @ vue.esm-browser.js:7635
mountChildren @ vue.esm-browser.js:7891
mountElement @ vue.esm-browser.js:7814
processElement @ vue.esm-browser.js:7769
patch @ vue.esm-browser.js:7635
mountChildren @ vue.esm-browser.js:7891
mountElement @ vue.esm-browser.js:7814
processElement @ vue.esm-browser.js:7769
patch @ vue.esm-browser.js:7635
mountChildren @ vue.esm-browser.js:7891
mountElement @ vue.esm-browser.js:7814
processElement @ vue.esm-browser.js:7769
patch @ vue.esm-browser.js:7635
componentUpdateFn @ vue.esm-browser.js:8276
run @ vue.esm-browser.js:615
setupRenderEffect @ vue.esm-browser.js:8404
mountComponent @ vue.esm-browser.js:8178
processComponent @ vue.esm-browser.js:8130
patch @ vue.esm-browser.js:7647
render @ vue.esm-browser.js:8941
mount @ vue.esm-browser.js:6277
app.mount @ vue.esm-browser.js:12570
(匿名) @ main.js:6
vue.esm-browser.js:2345  [Vue warn]: Property "onDragLeave" was accessed during render but is not defined on instance. 
  at <AdminApp onOpenDisplay=fn<onOpenDisplay> > 
  at <App>
warn$1 @ vue.esm-browser.js:2345
get @ vue.esm-browser.js:5473
get @ vue.esm-browser.js:5540
eval @ VM230:163
renderList @ vue.esm-browser.js:5249
render @ VM230:142
renderComponentRoot @ vue.esm-browser.js:6768
componentUpdateFn @ vue.esm-browser.js:8269
run @ vue.esm-browser.js:615
setupRenderEffect @ vue.esm-browser.js:8404
mountComponent @ vue.esm-browser.js:8178
processComponent @ vue.esm-browser.js:8130
patch @ vue.esm-browser.js:7647
mountChildren @ vue.esm-browser.js:7891
mountElement @ vue.esm-browser.js:7814
processElement @ vue.esm-browser.js:7769
patch @ vue.esm-browser.js:7635
mountChildren @ vue.esm-browser.js:7891
mountElement @ vue.esm-browser.js:7814
processElement @ vue.esm-browser.js:7769
patch @ vue.esm-browser.js:7635
mountChildren @ vue.esm-browser.js:7891
mountElement @ vue.esm-browser.js:7814
processElement @ vue.esm-browser.js:7769
patch @ vue.esm-browser.js:7635
mountChildren @ vue.esm-browser.js:7891
mountElement @ vue.esm-browser.js:7814
processElement @ vue.esm-browser.js:7769
patch @ vue.esm-browser.js:7635
componentUpdateFn @ vue.esm-browser.js:8276
run @ vue.esm-browser.js:615
setupRenderEffect @ vue.esm-browser.js:8404
mountComponent @ vue.esm-browser.js:8178
processComponent @ vue.esm-browser.js:8130
patch @ vue.esm-browser.js:7647
render @ vue.esm-browser.js:8941
mount @ vue.esm-browser.js:6277
app.mount @ vue.esm-browser.js:12570
(匿名) @ main.js:6
favicon.ico:1   GET http://127.0.0.1:8080/favicon.ico 404 (Not Found)
vue.esm-browser.js:2345  [Vue warn]: Property "onDragLeave" was accessed during render but is not defined on instance. 
  at <AdminApp onOpenDisplay=fn<onOpenDisplay> > 
  at <App>
warn$1 @ vue.esm-browser.js:2345
get @ vue.esm-browser.js:5473
get @ vue.esm-browser.js:5540
eval @ VM230:163
renderList @ vue.esm-browser.js:5249
render @ VM230:142
renderComponentRoot @ vue.esm-browser.js:6768
componentUpdateFn @ vue.esm-browser.js:8347
run @ vue.esm-browser.js:615
updateComponent @ vue.esm-browser.js:8207
processComponent @ vue.esm-browser.js:8141
patch @ vue.esm-browser.js:7647
patchBlockChildren @ vue.esm-browser.js:8013
patchElement @ vue.esm-browser.js:7931
processElement @ vue.esm-browser.js:7785
patch @ vue.esm-browser.js:7635
componentUpdateFn @ vue.esm-browser.js:8356
run @ vue.esm-browser.js:615
runIfDirty @ vue.esm-browser.js:653
callWithErrorHandling @ vue.esm-browser.js:2492
flushJobs @ vue.esm-browser.js:2697
Promise.then
queueFlush @ vue.esm-browser.js:2611
queueJob @ vue.esm-browser.js:2606
effect.scheduler @ vue.esm-browser.js:8398
trigger @ vue.esm-browser.js:643
endBatch @ vue.esm-browser.js:701
trigger @ vue.esm-browser.js:1102
set @ vue.esm-browser.js:1420
toggleDisplay @ useUIState.js:23
handleDisplayAction @ LeftRail.js:49
onClick @ VM188:40
callWithErrorHandling @ vue.esm-browser.js:2492
callWithAsyncErrorHandling @ vue.esm-browser.js:2499
invoker @ vue.esm-browser.js:11474
vue.esm-browser.js:2345  [Vue warn]: Property "onDragLeave" was accessed during render but is not defined on instance. 
  at <AdminApp onOpenDisplay=fn<onOpenDisplay> > 
  at <App>
warn$1 @ vue.esm-browser.js:2345
get @ vue.esm-browser.js:5473
get @ vue.esm-browser.js:5540
eval @ VM230:163
renderList @ vue.esm-browser.js:5249
render @ VM230:142
renderComponentRoot @ vue.esm-browser.js:6768
componentUpdateFn @ vue.esm-browser.js:8347
run @ vue.esm-browser.js:615
updateComponent @ vue.esm-browser.js:8207
processComponent @ vue.esm-browser.js:8141
patch @ vue.esm-browser.js:7647
patchBlockChildren @ vue.esm-browser.js:8013
patchElement @ vue.esm-browser.js:7931
processElement @ vue.esm-browser.js:7785
patch @ vue.esm-browser.js:7635
componentUpdateFn @ vue.esm-browser.js:8356
run @ vue.esm-browser.js:615
runIfDirty @ vue.esm-browser.js:653
callWithErrorHandling @ vue.esm-browser.js:2492
flushJobs @ vue.esm-browser.js:2697
Promise.then
queueFlush @ vue.esm-browser.js:2611
queueJob @ vue.esm-browser.js:2606
effect.scheduler @ vue.esm-browser.js:8398
trigger @ vue.esm-browser.js:643
endBatch @ vue.esm-browser.js:701
trigger @ vue.esm-browser.js:1102
set @ vue.esm-browser.js:1420
toggleDisplay @ useUIState.js:23
handleDisplayAction @ LeftRail.js:49
onClick @ VM188:40
callWithErrorHandling @ vue.esm-browser.js:2492
callWithAsyncErrorHandling @ vue.esm-browser.js:2499
invoker @ vue.esm-browser.js:11474
vue.esm-browser.js:2345  [Vue warn]: Property "onDragLeave" was accessed during render but is not defined on instance. 
  at <AdminApp onOpenDisplay=fn<onOpenDisplay> > 
  at <App>
warn$1 @ vue.esm-browser.js:2345
get @ vue.esm-browser.js:5473
get @ vue.esm-browser.js:5540
eval @ VM230:163
renderList @ vue.esm-browser.js:5249
render @ VM230:142
renderComponentRoot @ vue.esm-browser.js:6768
componentUpdateFn @ vue.esm-browser.js:8347
run @ vue.esm-browser.js:615
updateComponent @ vue.esm-browser.js:8207
processComponent @ vue.esm-browser.js:8141
patch @ vue.esm-browser.js:7647
patchBlockChildren @ vue.esm-browser.js:8013
patchElement @ vue.esm-browser.js:7931
processElement @ vue.esm-browser.js:7785
patch @ vue.esm-browser.js:7635
componentUpdateFn @ vue.esm-browser.js:8356
run @ vue.esm-browser.js:615
runIfDirty @ vue.esm-browser.js:653
callWithErrorHandling @ vue.esm-browser.js:2492
flushJobs @ vue.esm-browser.js:2697
Promise.then
queueFlush @ vue.esm-browser.js:2611
queueJob @ vue.esm-browser.js:2606
effect.scheduler @ vue.esm-browser.js:8398
trigger @ vue.esm-browser.js:643
endBatch @ vue.esm-browser.js:701
trigger @ vue.esm-browser.js:1102
set @ vue.esm-browser.js:1420
toggleDisplay @ useUIState.js:23
handleDisplayAction @ LeftRail.js:49
onClick @ VM188:40
callWithErrorHandling @ vue.esm-browser.js:2492
callWithAsyncErrorHandling @ vue.esm-browser.js:2499
invoker @ vue.esm-browser.js:11474
vue.esm-browser.js:2345  [Vue warn]: Property "onDragLeave" was accessed during render but is not defined on instance. 
  at <AdminApp onOpenDisplay=fn<onOpenDisplay> > 
  at <App>
warn$1 @ vue.esm-browser.js:2345
get @ vue.esm-browser.js:5473
get @ vue.esm-browser.js:5540
eval @ VM230:163
renderList @ vue.esm-browser.js:5249
render @ VM230:142
renderComponentRoot @ vue.esm-browser.js:6768
componentUpdateFn @ vue.esm-browser.js:8347
run @ vue.esm-browser.js:615
updateComponent @ vue.esm-browser.js:8207
processComponent @ vue.esm-browser.js:8141
patch @ vue.esm-browser.js:7647
patchBlockChildren @ vue.esm-browser.js:8013
patchElement @ vue.esm-browser.js:7931
processElement @ vue.esm-browser.js:7785
patch @ vue.esm-browser.js:7635
componentUpdateFn @ vue.esm-browser.js:8356
run @ vue.esm-browser.js:615
runIfDirty @ vue.esm-browser.js:653
callWithErrorHandling @ vue.esm-browser.js:2492
flushJobs @ vue.esm-browser.js:2697
Promise.then
queueFlush @ vue.esm-browser.js:2611
queueJob @ vue.esm-browser.js:2606
effect.scheduler @ vue.esm-browser.js:8398
trigger @ vue.esm-browser.js:643
endBatch @ vue.esm-browser.js:701
trigger @ vue.esm-browser.js:1102
set @ vue.esm-browser.js:1420
toggleDisplay @ useUIState.js:23
handleDisplayAction @ LeftRail.js:49
onClick @ VM188:40
callWithErrorHandling @ vue.esm-browser.js:2492
callWithAsyncErrorHandling @ vue.esm-browser.js:2499
invoker @ vue.esm-browser.js:11474
vue.esm-browser.js:2345  [Vue warn]: Property "onDragLeave" was accessed during render but is not defined on instance. 
  at <AdminApp onOpenDisplay=fn<onOpenDisplay> > 
  at <App>
warn$1 @ vue.esm-browser.js:2345
get @ vue.esm-browser.js:5473
get @ vue.esm-browser.js:5540
eval @ VM230:163
renderList @ vue.esm-browser.js:5249
render @ VM230:142
renderComponentRoot @ vue.esm-browser.js:6768
componentUpdateFn @ vue.esm-browser.js:8347
run @ vue.esm-browser.js:615
updateComponent @ vue.esm-browser.js:8207
processComponent @ vue.esm-browser.js:8141
patch @ vue.esm-browser.js:7647
patchBlockChildren @ vue.esm-browser.js:8013
patchElement @ vue.esm-browser.js:7931
processElement @ vue.esm-browser.js:7785
patch @ vue.esm-browser.js:7635
componentUpdateFn @ vue.esm-browser.js:8356
run @ vue.esm-browser.js:615
runIfDirty @ vue.esm-browser.js:653
callWithErrorHandling @ vue.esm-browser.js:2492
flushJobs @ vue.esm-browser.js:2697
Promise.then
queueFlush @ vue.esm-browser.js:2611
queueJob @ vue.esm-browser.js:2606
effect.scheduler @ vue.esm-browser.js:8398
trigger @ vue.esm-browser.js:643
endBatch @ vue.esm-browser.js:701
trigger @ vue.esm-browser.js:1102
set @ vue.esm-browser.js:1420
toggleDisplay @ useUIState.js:23
handleDisplayAction @ LeftRail.js:49
onClick @ VM188:40
callWithErrorHandling @ vue.esm-browser.js:2492
callWithAsyncErrorHandling @ vue.esm-browser.js:2499
invoker @ vue.esm-browser.js:11474
vue.esm-browser.js:2345  [Vue warn]: Property "onDragLeave" was accessed during render but is not defined on instance. 
  at <AdminApp onOpenDisplay=fn<onOpenDisplay> > 
  at <App>
warn$1 @ vue.esm-browser.js:2345
get @ vue.esm-browser.js:5473
get @ vue.esm-browser.js:5540
eval @ VM230:163
renderList @ vue.esm-browser.js:5249
render @ VM230:142
renderComponentRoot @ vue.esm-browser.js:6768
componentUpdateFn @ vue.esm-browser.js:8347
run @ vue.esm-browser.js:615
updateComponent @ vue.esm-browser.js:8207
processComponent @ vue.esm-browser.js:8141
patch @ vue.esm-browser.js:7647
patchBlockChildren @ vue.esm-browser.js:8013
patchElement @ vue.esm-browser.js:7931
processElement @ vue.esm-browser.js:7785
patch @ vue.esm-browser.js:7635
componentUpdateFn @ vue.esm-browser.js:8356
run @ vue.esm-browser.js:615
runIfDirty @ vue.esm-browser.js:653
callWithErrorHandling @ vue.esm-browser.js:2492
flushJobs @ vue.esm-browser.js:2697
Promise.then
queueFlush @ vue.esm-browser.js:2611
queueJob @ vue.esm-browser.js:2606
effect.scheduler @ vue.esm-browser.js:8398
trigger @ vue.esm-browser.js:643
endBatch @ vue.esm-browser.js:701
trigger @ vue.esm-browser.js:1102
set @ vue.esm-browser.js:1420
toggleDisplay @ useUIState.js:23
handleDisplayAction @ LeftRail.js:49
onClick @ VM188:40
callWithErrorHandling @ vue.esm-browser.js:2492
callWithAsyncErrorHandling @ vue.esm-browser.js:2499
invoker @ vue.esm-browser.js:11474
vue.esm-browser.js:2345  [Vue warn]: Property "onDragLeave" was accessed during render but is not defined on instance. 
  at <AdminApp onOpenDisplay=fn<onOpenDisplay> > 
  at <App>
warn$1 @ vue.esm-browser.js:2345
get @ vue.esm-browser.js:5473
get @ vue.esm-browser.js:5540
eval @ VM230:163
renderList @ vue.esm-browser.js:5249
render @ VM230:142
renderComponentRoot @ vue.esm-browser.js:6768
componentUpdateFn @ vue.esm-browser.js:8347
run @ vue.esm-browser.js:615
updateComponent @ vue.esm-browser.js:8207
processComponent @ vue.esm-browser.js:8141
patch @ vue.esm-browser.js:7647
patchBlockChildren @ vue.esm-browser.js:8013
patchElement @ vue.esm-browser.js:7931
processElement @ vue.esm-browser.js:7785
patch @ vue.esm-browser.js:7635
componentUpdateFn @ vue.esm-browser.js:8356
run @ vue.esm-browser.js:615
runIfDirty @ vue.esm-browser.js:653
callWithErrorHandling @ vue.esm-browser.js:2492
flushJobs @ vue.esm-browser.js:2697
Promise.then
queueFlush @ vue.esm-browser.js:2611
queueJob @ vue.esm-browser.js:2606
effect.scheduler @ vue.esm-browser.js:8398
trigger @ vue.esm-browser.js:643
endBatch @ vue.esm-browser.js:701
trigger @ vue.esm-browser.js:1102
set @ vue.esm-browser.js:1420
toggleDisplay @ useUIState.js:23
handleDisplayAction @ LeftRail.js:49
onClick @ VM188:40
callWithErrorHandling @ vue.esm-browser.js:2492
callWithAsyncErrorHandling @ vue.esm-browser.js:2499
invoker @ vue.esm-browser.js:11474
vue.esm-browser.js:2345  [Vue warn]: Property "onDragLeave" was accessed during render but is not defined on instance. 
  at <AdminApp onOpenDisplay=fn<onOpenDisplay> > 
  at <App>
warn$1 @ vue.esm-browser.js:2345
get @ vue.esm-browser.js:5473
get @ vue.esm-browser.js:5540
eval @ VM230:163
renderList @ vue.esm-browser.js:5249
render @ VM230:142
renderComponentRoot @ vue.esm-browser.js:6768
componentUpdateFn @ vue.esm-browser.js:8347
run @ vue.esm-browser.js:615
updateComponent @ vue.esm-browser.js:8207
processComponent @ vue.esm-browser.js:8141
patch @ vue.esm-browser.js:7647
patchBlockChildren @ vue.esm-browser.js:8013
patchElement @ vue.esm-browser.js:7931
processElement @ vue.esm-browser.js:7785
patch @ vue.esm-browser.js:7635
componentUpdateFn @ vue.esm-browser.js:8356
run @ vue.esm-browser.js:615
runIfDirty @ vue.esm-browser.js:653
callWithErrorHandling @ vue.esm-browser.js:2492
flushJobs @ vue.esm-browser.js:2697
Promise.then
queueFlush @ vue.esm-browser.js:2611
queueJob @ vue.esm-browser.js:2606
effect.scheduler @ vue.esm-browser.js:8398
trigger @ vue.esm-browser.js:643
endBatch @ vue.esm-browser.js:701
trigger @ vue.esm-browser.js:1102
set @ vue.esm-browser.js:1420
toggleDisplay @ useUIState.js:23
handleDisplayAction @ LeftRail.js:49
onClick @ VM188:40
callWithErrorHandling @ vue.esm-browser.js:2492
callWithAsyncErrorHandling @ vue.esm-browser.js:2499
invoker @ vue.esm-browser.js:11474
vue.esm-browser.js:2345  [Vue warn]: Property "onDragLeave" was accessed during render but is not defined on instance. 
  at <AdminApp onOpenDisplay=fn<onOpenDisplay> > 
  at <App>
warn$1 @ vue.esm-browser.js:2345
get @ vue.esm-browser.js:5473
get @ vue.esm-browser.js:5540
eval @ VM230:163
renderList @ vue.esm-browser.js:5249
render @ VM230:142
renderComponentRoot @ vue.esm-browser.js:6768
componentUpdateFn @ vue.esm-browser.js:8347
run @ vue.esm-browser.js:615
updateComponent @ vue.esm-browser.js:8207
processComponent @ vue.esm-browser.js:8141
patch @ vue.esm-browser.js:7647
patchBlockChildren @ vue.esm-browser.js:8013
patchElement @ vue.esm-browser.js:7931
processElement @ vue.esm-browser.js:7785
patch @ vue.esm-browser.js:7635
componentUpdateFn @ vue.esm-browser.js:8356
run @ vue.esm-browser.js:615
runIfDirty @ vue.esm-browser.js:653
callWithErrorHandling @ vue.esm-browser.js:2492
flushJobs @ vue.esm-browser.js:2697
Promise.then
queueFlush @ vue.esm-browser.js:2611
queueJob @ vue.esm-browser.js:2606
effect.scheduler @ vue.esm-browser.js:8398
trigger @ vue.esm-browser.js:643
endBatch @ vue.esm-browser.js:701
trigger @ vue.esm-browser.js:1102
set @ vue.esm-browser.js:1420
toggleDisplay @ useUIState.js:23
handleDisplayAction @ LeftRail.js:49
onClick @ VM188:40
callWithErrorHandling @ vue.esm-browser.js:2492
callWithAsyncErrorHandling @ vue.esm-browser.js:2499
invoker @ vue.esm-browser.js:11474
vue.esm-browser.js:2345  [Vue warn]: Property "onDragLeave" was accessed during render but is not defined on instance. 
  at <AdminApp onOpenDisplay=fn<onOpenDisplay> > 
  at <App>
warn$1 @ vue.esm-browser.js:2345
get @ vue.esm-browser.js:5473
get @ vue.esm-browser.js:5540
eval @ VM230:163
renderList @ vue.esm-browser.js:5249
render @ VM230:142
renderComponentRoot @ vue.esm-browser.js:6768
componentUpdateFn @ vue.esm-browser.js:8347
run @ vue.esm-browser.js:615
updateComponent @ vue.esm-browser.js:8207
processComponent @ vue.esm-browser.js:8141
patch @ vue.esm-browser.js:7647
patchBlockChildren @ vue.esm-browser.js:8013
patchElement @ vue.esm-browser.js:7931
processElement @ vue.esm-browser.js:7785
patch @ vue.esm-browser.js:7635
componentUpdateFn @ vue.esm-browser.js:8356
run @ vue.esm-browser.js:615
runIfDirty @ vue.esm-browser.js:653
callWithErrorHandling @ vue.esm-browser.js:2492
flushJobs @ vue.esm-browser.js:2697
Promise.then
queueFlush @ vue.esm-browser.js:2611
queueJob @ vue.esm-browser.js:2606
effect.scheduler @ vue.esm-browser.js:8398
trigger @ vue.esm-browser.js:643
endBatch @ vue.esm-browser.js:701
trigger @ vue.esm-browser.js:1102
set @ vue.esm-browser.js:1420
toggleDisplay @ useUIState.js:23
handleDisplayAction @ LeftRail.js:49
onClick @ VM188:40
callWithErrorHandling @ vue.esm-browser.js:2492
callWithAsyncErrorHandling @ vue.esm-browser.js:2499
invoker @ vue.esm-browser.js:11474
vue.esm-browser.js:2345  [Vue warn]: Property "onDragLeave" was accessed during render but is not defined on instance. 
  at <AdminApp onOpenDisplay=fn<onOpenDisplay> > 
  at <App>
warn$1 @ vue.esm-browser.js:2345
get @ vue.esm-browser.js:5473
get @ vue.esm-browser.js:5540
eval @ VM230:163
renderList @ vue.esm-browser.js:5249
render @ VM230:142
renderComponentRoot @ vue.esm-browser.js:6768
componentUpdateFn @ vue.esm-browser.js:8347
run @ vue.esm-browser.js:615
updateComponent @ vue.esm-browser.js:8207
processComponent @ vue.esm-browser.js:8141
patch @ vue.esm-browser.js:7647
patchBlockChildren @ vue.esm-browser.js:8013
patchElement @ vue.esm-browser.js:7931
processElement @ vue.esm-browser.js:7785
patch @ vue.esm-browser.js:7635
componentUpdateFn @ vue.esm-browser.js:8356
run @ vue.esm-browser.js:615
runIfDirty @ vue.esm-browser.js:653
callWithErrorHandling @ vue.esm-browser.js:2492
flushJobs @ vue.esm-browser.js:2697
Promise.then
queueFlush @ vue.esm-browser.js:2611
queueJob @ vue.esm-browser.js:2606
effect.scheduler @ vue.esm-browser.js:8398
trigger @ vue.esm-browser.js:643
endBatch @ vue.esm-browser.js:701
trigger @ vue.esm-browser.js:1102
set @ vue.esm-browser.js:1420
toggleDisplay @ useUIState.js:23
handleDisplayAction @ LeftRail.js:49
onClick @ VM188:40
callWithErrorHandling @ vue.esm-browser.js:2492
callWithAsyncErrorHandling @ vue.esm-browser.js:2499
invoker @ vue.esm-browser.js:11474
vue.esm-browser.js:2345  [Vue warn]: Property "onDragLeave" was accessed during render but is not defined on instance. 
  at <AdminApp onOpenDisplay=fn<onOpenDisplay> > 
  at <App>
warn$1 @ vue.esm-browser.js:2345
get @ vue.esm-browser.js:5473
get @ vue.esm-browser.js:5540
eval @ VM230:163
renderList @ vue.esm-browser.js:5249
render @ VM230:142
renderComponentRoot @ vue.esm-browser.js:6768
componentUpdateFn @ vue.esm-browser.js:8347
run @ vue.esm-browser.js:615
updateComponent @ vue.esm-browser.js:8207
processComponent @ vue.esm-browser.js:8141
patch @ vue.esm-browser.js:7647
patchBlockChildren @ vue.esm-browser.js:8013
patchElement @ vue.esm-browser.js:7931
processElement @ vue.esm-browser.js:7785
patch @ vue.esm-browser.js:7635
componentUpdateFn @ vue.esm-browser.js:8356
run @ vue.esm-browser.js:615
runIfDirty @ vue.esm-browser.js:653
callWithErrorHandling @ vue.esm-browser.js:2492
flushJobs @ vue.esm-browser.js:2697
Promise.then
queueFlush @ vue.esm-browser.js:2611
queueJob @ vue.esm-browser.js:2606
effect.scheduler @ vue.esm-browser.js:8398
trigger @ vue.esm-browser.js:643
endBatch @ vue.esm-browser.js:701
trigger @ vue.esm-browser.js:1102
set @ vue.esm-browser.js:1420
toggleDisplay @ useUIState.js:23
handleDisplayAction @ LeftRail.js:49
onClick @ VM188:40
callWithErrorHandling @ vue.esm-browser.js:2492
callWithAsyncErrorHandling @ vue.esm-browser.js:2499
invoker @ vue.esm-browser.js:11474
vue.esm-browser.js:2345  [Vue warn]: Property "onDragLeave" was accessed during render but is not defined on instance. 
  at <AdminApp onOpenDisplay=fn<onOpenDisplay> > 
  at <App>
warn$1 @ vue.esm-browser.js:2345
get @ vue.esm-browser.js:5473
get @ vue.esm-browser.js:5540
eval @ VM230:163
renderList @ vue.esm-browser.js:5249
render @ VM230:142
renderComponentRoot @ vue.esm-browser.js:6768
componentUpdateFn @ vue.esm-browser.js:8347
run @ vue.esm-browser.js:615
updateComponent @ vue.esm-browser.js:8207
processComponent @ vue.esm-browser.js:8141
patch @ vue.esm-browser.js:7647
patchBlockChildren @ vue.esm-browser.js:8013
patchElement @ vue.esm-browser.js:7931
processElement @ vue.esm-browser.js:7785
patch @ vue.esm-browser.js:7635
componentUpdateFn @ vue.esm-browser.js:8356
run @ vue.esm-browser.js:615
runIfDirty @ vue.esm-browser.js:653
callWithErrorHandling @ vue.esm-browser.js:2492
flushJobs @ vue.esm-browser.js:2697
Promise.then
queueFlush @ vue.esm-browser.js:2611
queueJob @ vue.esm-browser.js:2606
effect.scheduler @ vue.esm-browser.js:8398
trigger @ vue.esm-browser.js:643
endBatch @ vue.esm-browser.js:701
trigger @ vue.esm-browser.js:1102
set @ vue.esm-browser.js:1420
toggleDisplay @ useUIState.js:23
handleDisplayAction @ LeftRail.js:49
onClick @ VM188:40
callWithErrorHandling @ vue.esm-browser.js:2492
callWithAsyncErrorHandling @ vue.esm-browser.js:2499
invoker @ vue.esm-browser.js:11474
vue.esm-browser.js:2345  [Vue warn]: Property "onDragLeave" was accessed during render but is not defined on instance. 
  at <AdminApp onOpenDisplay=fn<onOpenDisplay> > 
  at <App>
warn$1 @ vue.esm-browser.js:2345
get @ vue.esm-browser.js:5473
get @ vue.esm-browser.js:5540
eval @ VM230:163
renderList @ vue.esm-browser.js:5249
render @ VM230:142
renderComponentRoot @ vue.esm-browser.js:6768
componentUpdateFn @ vue.esm-browser.js:8347
run @ vue.esm-browser.js:615
updateComponent @ vue.esm-browser.js:8207
processComponent @ vue.esm-browser.js:8141
patch @ vue.esm-browser.js:7647
patchBlockChildren @ vue.esm-browser.js:8013
patchElement @ vue.esm-browser.js:7931
processElement @ vue.esm-browser.js:7785
patch @ vue.esm-browser.js:7635
componentUpdateFn @ vue.esm-browser.js:8356
run @ vue.esm-browser.js:615
runIfDirty @ vue.esm-browser.js:653
callWithErrorHandling @ vue.esm-browser.js:2492
flushJobs @ vue.esm-browser.js:2697
Promise.then
queueFlush @ vue.esm-browser.js:2611
queueJob @ vue.esm-browser.js:2606
effect.scheduler @ vue.esm-browser.js:8398
trigger @ vue.esm-browser.js:643
endBatch @ vue.esm-browser.js:701
trigger @ vue.esm-browser.js:1102
set @ vue.esm-browser.js:1420
toggleDisplay @ useUIState.js:23
handleDisplayAction @ LeftRail.js:49
onClick @ VM188:40
callWithErrorHandling @ vue.esm-browser.js:2492
callWithAsyncErrorHandling @ vue.esm-browser.js:2499
invoker @ vue.esm-browser.js:11474
vue.esm-browser.js:2345  [Vue warn]: Property "onDragLeave" was accessed during render but is not defined on instance. 
  at <AdminApp onOpenDisplay=fn<onOpenDisplay> > 
  at <App>
warn$1 @ vue.esm-browser.js:2345
get @ vue.esm-browser.js:5473
get @ vue.esm-browser.js:5540
eval @ VM230:163
renderList @ vue.esm-browser.js:5249
render @ VM230:142
renderComponentRoot @ vue.esm-browser.js:6768
componentUpdateFn @ vue.esm-browser.js:8347
run @ vue.esm-browser.js:615
updateComponent @ vue.esm-browser.js:8207
processComponent @ vue.esm-browser.js:8141
patch @ vue.esm-browser.js:7647
patchBlockChildren @ vue.esm-browser.js:8013
patchElement @ vue.esm-browser.js:7931
processElement @ vue.esm-browser.js:7785
patch @ vue.esm-browser.js:7635
componentUpdateFn @ vue.esm-browser.js:8356
run @ vue.esm-browser.js:615
runIfDirty @ vue.esm-browser.js:653
callWithErrorHandling @ vue.esm-browser.js:2492
flushJobs @ vue.esm-browser.js:2697
Promise.then
queueFlush @ vue.esm-browser.js:2611
queueJob @ vue.esm-browser.js:2606
effect.scheduler @ vue.esm-browser.js:8398
trigger @ vue.esm-browser.js:643
endBatch @ vue.esm-browser.js:701
trigger @ vue.esm-browser.js:1102
set @ vue.esm-browser.js:1420
toggleDisplay @ useUIState.js:23
handleDisplayAction @ LeftRail.js:49
onClick @ VM188:40
callWithErrorHandling @ vue.esm-browser.js:2492
callWithAsyncErrorHandling @ vue.esm-browser.js:2499
invoker @ vue.esm-browser.js:11474
vue.esm-browser.js:2345  [Vue warn]: Property "onDragLeave" was accessed during render but is not defined on instance. 
  at <AdminApp onOpenDisplay=fn<onOpenDisplay> > 
  at <App>
warn$1 @ vue.esm-browser.js:2345
get @ vue.esm-browser.js:5473
get @ vue.esm-browser.js:5540
eval @ VM230:163
renderList @ vue.esm-browser.js:5249
render @ VM230:142
renderComponentRoot @ vue.esm-browser.js:6768
componentUpdateFn @ vue.esm-browser.js:8347
run @ vue.esm-browser.js:615
updateComponent @ vue.esm-browser.js:8207
processComponent @ vue.esm-browser.js:8141
patch @ vue.esm-browser.js:7647
patchBlockChildren @ vue.esm-browser.js:8013
patchElement @ vue.esm-browser.js:7931
processElement @ vue.esm-browser.js:7785
patch @ vue.esm-browser.js:7635
componentUpdateFn @ vue.esm-browser.js:8356
run @ vue.esm-browser.js:615
runIfDirty @ vue.esm-browser.js:653
callWithErrorHandling @ vue.esm-browser.js:2492
flushJobs @ vue.esm-browser.js:2697
Promise.then
queueFlush @ vue.esm-browser.js:2611
queueJob @ vue.esm-browser.js:2606
effect.scheduler @ vue.esm-browser.js:8398
trigger @ vue.esm-browser.js:643
endBatch @ vue.esm-browser.js:701
trigger @ vue.esm-browser.js:1102
set @ vue.esm-browser.js:1420
toggleDisplay @ useUIState.js:23
handleDisplayAction @ LeftRail.js:49
onClick @ VM188:40
callWithErrorHandling @ vue.esm-browser.js:2492
callWithAsyncErrorHandling @ vue.esm-browser.js:2499
invoker @ vue.esm-browser.js:11474
vue.esm-browser.js:2345  [Vue warn]: Property "onDragLeave" was accessed during render but is not defined on instance. 
  at <AdminApp onOpenDisplay=fn<onOpenDisplay> > 
  at <App>
warn$1 @ vue.esm-browser.js:2345
get @ vue.esm-browser.js:5473
get @ vue.esm-browser.js:5540
eval @ VM230:163
renderList @ vue.esm-browser.js:5249
render @ VM230:142
renderComponentRoot @ vue.esm-browser.js:6768
componentUpdateFn @ vue.esm-browser.js:8347
run @ vue.esm-browser.js:615
updateComponent @ vue.esm-browser.js:8207
processComponent @ vue.esm-browser.js:8141
patch @ vue.esm-browser.js:7647
patchBlockChildren @ vue.esm-browser.js:8013
patchElement @ vue.esm-browser.js:7931
processElement @ vue.esm-browser.js:7785
patch @ vue.esm-browser.js:7635
componentUpdateFn @ vue.esm-browser.js:8356
run @ vue.esm-browser.js:615
runIfDirty @ vue.esm-browser.js:653
callWithErrorHandling @ vue.esm-browser.js:2492
flushJobs @ vue.esm-browser.js:2697
Promise.then
queueFlush @ vue.esm-browser.js:2611
queueJob @ vue.esm-browser.js:2606
effect.scheduler @ vue.esm-browser.js:8398
trigger @ vue.esm-browser.js:643
endBatch @ vue.esm-browser.js:701
trigger @ vue.esm-browser.js:1102
set @ vue.esm-browser.js:1420
toggleDisplay @ useUIState.js:23
handleDisplayAction @ LeftRail.js:49
onClick @ VM188:40
callWithErrorHandling @ vue.esm-browser.js:2492
callWithAsyncErrorHandling @ vue.esm-browser.js:2499
invoker @ vue.esm-browser.js:11474
vue.esm-browser.js:2345  [Vue warn]: Property "onDragLeave" was accessed during render but is not defined on instance. 
  at <AdminApp onOpenDisplay=fn<onOpenDisplay> > 
  at <App>
warn$1 @ vue.esm-browser.js:2345
get @ vue.esm-browser.js:5473
get @ vue.esm-browser.js:5540
eval @ VM230:163
renderList @ vue.esm-browser.js:5249
render @ VM230:142
renderComponentRoot @ vue.esm-browser.js:6768
componentUpdateFn @ vue.esm-browser.js:8347
run @ vue.esm-browser.js:615
updateComponent @ vue.esm-browser.js:8207
processComponent @ vue.esm-browser.js:8141
patch @ vue.esm-browser.js:7647
patchBlockChildren @ vue.esm-browser.js:8013
patchElement @ vue.esm-browser.js:7931
processElement @ vue.esm-browser.js:7785
patch @ vue.esm-browser.js:7635
componentUpdateFn @ vue.esm-browser.js:8356
run @ vue.esm-browser.js:615
runIfDirty @ vue.esm-browser.js:653
callWithErrorHandling @ vue.esm-browser.js:2492
flushJobs @ vue.esm-browser.js:2697
Promise.then
queueFlush @ vue.esm-browser.js:2611
queueJob @ vue.esm-browser.js:2606
effect.scheduler @ vue.esm-browser.js:8398
trigger @ vue.esm-browser.js:643
endBatch @ vue.esm-browser.js:701
trigger @ vue.esm-browser.js:1102
set @ vue.esm-browser.js:1420
toggleDisplay @ useUIState.js:23
handleDisplayAction @ LeftRail.js:49
onClick @ VM188:40
callWithErrorHandling @ vue.esm-browser.js:2492
callWithAsyncErrorHandling @ vue.esm-browser.js:2499
invoker @ vue.esm-browser.js:11474
vue.esm-browser.js:2345  [Vue warn]: Property "onDragLeave" was accessed during render but is not defined on instance. 
  at <AdminApp onOpenDisplay=fn<onOpenDisplay> > 
  at <App>
warn$1 @ vue.esm-browser.js:2345
get @ vue.esm-browser.js:5473
get @ vue.esm-browser.js:5540
eval @ VM230:163
renderList @ vue.esm-browser.js:5249
render @ VM230:142
renderComponentRoot @ vue.esm-browser.js:6768
componentUpdateFn @ vue.esm-browser.js:8347
run @ vue.esm-browser.js:615
updateComponent @ vue.esm-browser.js:8207
processComponent @ vue.esm-browser.js:8141
patch @ vue.esm-browser.js:7647
patchBlockChildren @ vue.esm-browser.js:8013
patchElement @ vue.esm-browser.js:7931
processElement @ vue.esm-browser.js:7785
patch @ vue.esm-browser.js:7635
componentUpdateFn @ vue.esm-browser.js:8356
run @ vue.esm-browser.js:615
runIfDirty @ vue.esm-browser.js:653
callWithErrorHandling @ vue.esm-browser.js:2492
flushJobs @ vue.esm-browser.js:2697
Promise.then
queueFlush @ vue.esm-browser.js:2611
queueJob @ vue.esm-browser.js:2606
effect.scheduler @ vue.esm-browser.js:8398
trigger @ vue.esm-browser.js:643
endBatch @ vue.esm-browser.js:701
trigger @ vue.esm-browser.js:1102
set @ vue.esm-browser.js:1420
toggleDisplay @ useUIState.js:23
handleDisplayAction @ LeftRail.js:49
onClick @ VM188:40
callWithErrorHandling @ vue.esm-browser.js:2492
callWithAsyncErrorHandling @ vue.esm-browser.js:2499
invoker @ vue.esm-browser.js:11474
vue.esm-browser.js:2345  [Vue warn]: Property "onDragLeave" was accessed during render but is not defined on instance. 
  at <AdminApp onOpenDisplay=fn<onOpenDisplay> > 
  at <App>
warn$1 @ vue.esm-browser.js:2345
get @ vue.esm-browser.js:5473
get @ vue.esm-browser.js:5540
eval @ VM230:163
renderList @ vue.esm-browser.js:5249
render @ VM230:142
renderComponentRoot @ vue.esm-browser.js:6768
componentUpdateFn @ vue.esm-browser.js:8347
run @ vue.esm-browser.js:615
updateComponent @ vue.esm-browser.js:8207
processComponent @ vue.esm-browser.js:8141
patch @ vue.esm-browser.js:7647
patchBlockChildren @ vue.esm-browser.js:8013
patchElement @ vue.esm-browser.js:7931
processElement @ vue.esm-browser.js:7785
patch @ vue.esm-browser.js:7635
componentUpdateFn @ vue.esm-browser.js:8356
run @ vue.esm-browser.js:615
runIfDirty @ vue.esm-browser.js:653
callWithErrorHandling @ vue.esm-browser.js:2492
flushJobs @ vue.esm-browser.js:2697
Promise.then
queueFlush @ vue.esm-browser.js:2611
queueJob @ vue.esm-browser.js:2606
effect.scheduler @ vue.esm-browser.js:8398
trigger @ vue.esm-browser.js:643
endBatch @ vue.esm-browser.js:701
trigger @ vue.esm-browser.js:1102
set @ vue.esm-browser.js:1420
toggleDisplay @ useUIState.js:23
handleDisplayAction @ LeftRail.js:49
onClick @ VM188:40
callWithErrorHandling @ vue.esm-browser.js:2492
callWithAsyncErrorHandling @ vue.esm-browser.js:2499
invoker @ vue.esm-browser.js:11474
vue.esm-browser.js:2345  [Vue warn]: Property "onDragLeave" was accessed during render but is not defined on instance. 
  at <AdminApp onOpenDisplay=fn<onOpenDisplay> > 
  at <App>
warn$1 @ vue.esm-browser.js:2345
get @ vue.esm-browser.js:5473
get @ vue.esm-browser.js:5540
eval @ VM230:163
renderList @ vue.esm-browser.js:5249
render @ VM230:142
renderComponentRoot @ vue.esm-browser.js:6768
componentUpdateFn @ vue.esm-browser.js:8347
run @ vue.esm-browser.js:615
updateComponent @ vue.esm-browser.js:8207
processComponent @ vue.esm-browser.js:8141
patch @ vue.esm-browser.js:7647
patchBlockChildren @ vue.esm-browser.js:8013
patchElement @ vue.esm-browser.js:7931
processElement @ vue.esm-browser.js:7785
patch @ vue.esm-browser.js:7635
componentUpdateFn @ vue.esm-browser.js:8356
run @ vue.esm-browser.js:615
runIfDirty @ vue.esm-browser.js:653
callWithErrorHandling @ vue.esm-browser.js:2492
flushJobs @ vue.esm-browser.js:2697
Promise.then
queueFlush @ vue.esm-browser.js:2611
queueJob @ vue.esm-browser.js:2606
effect.scheduler @ vue.esm-browser.js:8398
trigger @ vue.esm-browser.js:643
endBatch @ vue.esm-browser.js:701
trigger @ vue.esm-browser.js:1102
set @ vue.esm-browser.js:1420
toggleDisplay @ useUIState.js:23
handleDisplayAction @ LeftRail.js:49
onClick @ VM188:40
callWithErrorHandling @ vue.esm-browser.js:2492
callWithAsyncErrorHandling @ vue.esm-browser.js:2499
invoker @ vue.esm-browser.js:11474
vue.esm-browser.js:2345  [Vue warn]: Property "onDragLeave" was accessed during render but is not defined on instance. 
  at <AdminApp onOpenDisplay=fn<onOpenDisplay> > 
  at <App>
warn$1 @ vue.esm-browser.js:2345
get @ vue.esm-browser.js:5473
get @ vue.esm-browser.js:5540
eval @ VM230:163
renderList @ vue.esm-browser.js:5249
render @ VM230:142
renderComponentRoot @ vue.esm-browser.js:6768
componentUpdateFn @ vue.esm-browser.js:8347
run @ vue.esm-browser.js:615
updateComponent @ vue.esm-browser.js:8207
processComponent @ vue.esm-browser.js:8141
patch @ vue.esm-browser.js:7647
patchBlockChildren @ vue.esm-browser.js:8013
patchElement @ vue.esm-browser.js:7931
processElement @ vue.esm-browser.js:7785
patch @ vue.esm-browser.js:7635
componentUpdateFn @ vue.esm-browser.js:8356
run @ vue.esm-browser.js:615
runIfDirty @ vue.esm-browser.js:653
callWithErrorHandling @ vue.esm-browser.js:2492
flushJobs @ vue.esm-browser.js:2697
Promise.then
queueFlush @ vue.esm-browser.js:2611
queueJob @ vue.esm-browser.js:2606
effect.scheduler @ vue.esm-browser.js:8398
trigger @ vue.esm-browser.js:643
endBatch @ vue.esm-browser.js:701
trigger @ vue.esm-browser.js:1102
set @ vue.esm-browser.js:1420
toggleDisplay @ useUIState.js:23
handleDisplayAction @ LeftRail.js:49
onClick @ VM188:40
callWithErrorHandling @ vue.esm-browser.js:2492
callWithAsyncErrorHandling @ vue.esm-browser.js:2499
invoker @ vue.esm-browser.js:11474
vue.esm-browser.js:2345  [Vue warn]: Property "onDragLeave" was accessed during render but is not defined on instance. 
  at <AdminApp onOpenDisplay=fn<onOpenDisplay> > 
  at <App>
warn$1 @ vue.esm-browser.js:2345
get @ vue.esm-browser.js:5473
get @ vue.esm-browser.js:5540
eval @ VM230:163
renderList @ vue.esm-browser.js:5249
render @ VM230:142
renderComponentRoot @ vue.esm-browser.js:6768
componentUpdateFn @ vue.esm-browser.js:8347
run @ vue.esm-browser.js:615
updateComponent @ vue.esm-browser.js:8207
processComponent @ vue.esm-browser.js:8141
patch @ vue.esm-browser.js:7647
patchBlockChildren @ vue.esm-browser.js:8013
patchElement @ vue.esm-browser.js:7931
processElement @ vue.esm-browser.js:7785
patch @ vue.esm-browser.js:7635
componentUpdateFn @ vue.esm-browser.js:8356
run @ vue.esm-browser.js:615
runIfDirty @ vue.esm-browser.js:653
callWithErrorHandling @ vue.esm-browser.js:2492
flushJobs @ vue.esm-browser.js:2697
Promise.then
queueFlush @ vue.esm-browser.js:2611
queueJob @ vue.esm-browser.js:2606
effect.scheduler @ vue.esm-browser.js:8398
trigger @ vue.esm-browser.js:643
endBatch @ vue.esm-browser.js:701
trigger @ vue.esm-browser.js:1102
set @ vue.esm-browser.js:1420
toggleDisplay @ useUIState.js:23
handleDisplayAction @ LeftRail.js:49
onClick @ VM188:40
callWithErrorHandling @ vue.esm-browser.js:2492
callWithAsyncErrorHandling @ vue.esm-browser.js:2499
invoker @ vue.esm-browser.js:11474
vue.esm-browser.js:2345  [Vue warn]: Property "onDragLeave" was accessed during render but is not defined on instance. 
  at <AdminApp onOpenDisplay=fn<onOpenDisplay> > 
  at <App>
warn$1 @ vue.esm-browser.js:2345
get @ vue.esm-browser.js:5473
get @ vue.esm-browser.js:5540
eval @ VM230:163
renderList @ vue.esm-browser.js:5249
render @ VM230:142
renderComponentRoot @ vue.esm-browser.js:6768
componentUpdateFn @ vue.esm-browser.js:8347
run @ vue.esm-browser.js:615
updateComponent @ vue.esm-browser.js:8207
processComponent @ vue.esm-browser.js:8141
patch @ vue.esm-browser.js:7647
patchBlockChildren @ vue.esm-browser.js:8013
patchElement @ vue.esm-browser.js:7931
processElement @ vue.esm-browser.js:7785
patch @ vue.esm-browser.js:7635
componentUpdateFn @ vue.esm-browser.js:8356
run @ vue.esm-browser.js:615
runIfDirty @ vue.esm-browser.js:653
callWithErrorHandling @ vue.esm-browser.js:2492
flushJobs @ vue.esm-browser.js:2697
Promise.then
queueFlush @ vue.esm-browser.js:2611
queueJob @ vue.esm-browser.js:2606
effect.scheduler @ vue.esm-browser.js:8398
trigger @ vue.esm-browser.js:643
endBatch @ vue.esm-browser.js:701
trigger @ vue.esm-browser.js:1102
set @ vue.esm-browser.js:1420
toggleDisplay @ useUIState.js:23
handleDisplayAction @ LeftRail.js:49
onClick @ VM188:40
callWithErrorHandling @ vue.esm-browser.js:2492
callWithAsyncErrorHandling @ vue.esm-browser.js:2499
invoker @ vue.esm-browser.js:11474
vue.esm-browser.js:2345  [Vue warn]: Property "onDragLeave" was accessed during render but is not defined on instance. 
  at <AdminApp onOpenDisplay=fn<onOpenDisplay> > 
  at <App>
warn$1 @ vue.esm-browser.js:2345
get @ vue.esm-browser.js:5473
get @ vue.esm-browser.js:5540
eval @ VM230:163
renderList @ vue.esm-browser.js:5249
render @ VM230:142
renderComponentRoot @ vue.esm-browser.js:6768
componentUpdateFn @ vue.esm-browser.js:8347
run @ vue.esm-browser.js:615
updateComponent @ vue.esm-browser.js:8207
processComponent @ vue.esm-browser.js:8141
patch @ vue.esm-browser.js:7647
patchBlockChildren @ vue.esm-browser.js:8013
patchElement @ vue.esm-browser.js:7931
processElement @ vue.esm-browser.js:7785
patch @ vue.esm-browser.js:7635
componentUpdateFn @ vue.esm-browser.js:8356
run @ vue.esm-browser.js:615
runIfDirty @ vue.esm-browser.js:653
callWithErrorHandling @ vue.esm-browser.js:2492
flushJobs @ vue.esm-browser.js:2697
Promise.then
queueFlush @ vue.esm-browser.js:2611
queueJob @ vue.esm-browser.js:2606
effect.scheduler @ vue.esm-browser.js:8398
trigger @ vue.esm-browser.js:643
endBatch @ vue.esm-browser.js:701
trigger @ vue.esm-browser.js:1102
set @ vue.esm-browser.js:1420
toggleDisplay @ useUIState.js:23
handleDisplayAction @ LeftRail.js:49
onClick @ VM188:40
callWithErrorHandling @ vue.esm-browser.js:2492
callWithAsyncErrorHandling @ vue.esm-browser.js:2499
invoker @ vue.esm-browser.js:11474
vue.esm-browser.js:2345  [Vue warn]: Property "onDragLeave" was accessed during render but is not defined on instance. 
  at <AdminApp onOpenDisplay=fn<onOpenDisplay> > 
  at <App>
warn$1 @ vue.esm-browser.js:2345
get @ vue.esm-browser.js:5473
get @ vue.esm-browser.js:5540
eval @ VM230:163
renderList @ vue.esm-browser.js:5249
render @ VM230:142
renderComponentRoot @ vue.esm-browser.js:6768
componentUpdateFn @ vue.esm-browser.js:8347
run @ vue.esm-browser.js:615
updateComponent @ vue.esm-browser.js:8207
processComponent @ vue.esm-browser.js:8141
patch @ vue.esm-browser.js:7647
patchBlockChildren @ vue.esm-browser.js:8013
patchElement @ vue.esm-browser.js:7931
processElement @ vue.esm-browser.js:7785
patch @ vue.esm-browser.js:7635
componentUpdateFn @ vue.esm-browser.js:8356
run @ vue.esm-browser.js:615
runIfDirty @ vue.esm-browser.js:653
callWithErrorHandling @ vue.esm-browser.js:2492
flushJobs @ vue.esm-browser.js:2697
Promise.then
queueFlush @ vue.esm-browser.js:2611
queueJob @ vue.esm-browser.js:2606
effect.scheduler @ vue.esm-browser.js:8398
trigger @ vue.esm-browser.js:643
endBatch @ vue.esm-browser.js:701
trigger @ vue.esm-browser.js:1102
set @ vue.esm-browser.js:1420
toggleDisplay @ useUIState.js:23
handleDisplayAction @ LeftRail.js:49
onClick @ VM188:40
callWithErrorHandling @ vue.esm-browser.js:2492
callWithAsyncErrorHandling @ vue.esm-browser.js:2499
invoker @ vue.esm-browser.js:11474
vue.esm-browser.js:2345  [Vue warn]: Property "onDragLeave" was accessed during render but is not defined on instance. 
  at <AdminApp onOpenDisplay=fn<onOpenDisplay> > 
  at <App>
warn$1 @ vue.esm-browser.js:2345
get @ vue.esm-browser.js:5473
get @ vue.esm-browser.js:5540
eval @ VM230:163
renderList @ vue.esm-browser.js:5249
render @ VM230:142
renderComponentRoot @ vue.esm-browser.js:6768
componentUpdateFn @ vue.esm-browser.js:8347
run @ vue.esm-browser.js:615
updateComponent @ vue.esm-browser.js:8207
processComponent @ vue.esm-browser.js:8141
patch @ vue.esm-browser.js:7647
patchBlockChildren @ vue.esm-browser.js:8013
patchElement @ vue.esm-browser.js:7931
processElement @ vue.esm-browser.js:7785
patch @ vue.esm-browser.js:7635
componentUpdateFn @ vue.esm-browser.js:8356
run @ vue.esm-browser.js:615
runIfDirty @ vue.esm-browser.js:653
callWithErrorHandling @ vue.esm-browser.js:2492
flushJobs @ vue.esm-browser.js:2697
Promise.then
queueFlush @ vue.esm-browser.js:2611
queueJob @ vue.esm-browser.js:2606
effect.scheduler @ vue.esm-browser.js:8398
trigger @ vue.esm-browser.js:643
endBatch @ vue.esm-browser.js:701
trigger @ vue.esm-browser.js:1102
set @ vue.esm-browser.js:1420
toggleDisplay @ useUIState.js:23
handleDisplayAction @ LeftRail.js:49
onClick @ VM188:40
callWithErrorHandling @ vue.esm-browser.js:2492
callWithAsyncErrorHandling @ vue.esm-browser.js:2499
invoker @ vue.esm-browser.js:11474
vue.esm-browser.js:2345  [Vue warn]: Property "onDragLeave" was accessed during render but is not defined on instance. 
  at <AdminApp onOpenDisplay=fn<onOpenDisplay> > 
  at <App>
warn$1 @ vue.esm-browser.js:2345
get @ vue.esm-browser.js:5473
get @ vue.esm-browser.js:5540
eval @ VM230:163
renderList @ vue.esm-browser.js:5249
render @ VM230:142
renderComponentRoot @ vue.esm-browser.js:6768
componentUpdateFn @ vue.esm-browser.js:8347
run @ vue.esm-browser.js:615
updateComponent @ vue.esm-browser.js:8207
processComponent @ vue.esm-browser.js:8141
patch @ vue.esm-browser.js:7647
patchBlockChildren @ vue.esm-browser.js:8013
patchElement @ vue.esm-browser.js:7931
processElement @ vue.esm-browser.js:7785
patch @ vue.esm-browser.js:7635
componentUpdateFn @ vue.esm-browser.js:8356
run @ vue.esm-browser.js:615
runIfDirty @ vue.esm-browser.js:653
callWithErrorHandling @ vue.esm-browser.js:2492
flushJobs @ vue.esm-browser.js:2697
Promise.then
queueFlush @ vue.esm-browser.js:2611
queueJob @ vue.esm-browser.js:2606
effect.scheduler @ vue.esm-browser.js:8398
trigger @ vue.esm-browser.js:643
endBatch @ vue.esm-browser.js:701
trigger @ vue.esm-browser.js:1102
set @ vue.esm-browser.js:1420
toggleDisplay @ useUIState.js:23
handleDisplayAction @ LeftRail.js:49
onClick @ VM188:40
callWithErrorHandling @ vue.esm-browser.js:2492
callWithAsyncErrorHandling @ vue.esm-browser.js:2499
invoker @ vue.esm-browser.js:11474
vue.esm-browser.js:2345  [Vue warn]: Property "onDragLeave" was accessed during render but is not defined on instance. 
  at <AdminApp onOpenDisplay=fn<onOpenDisplay> > 
  at <App>
warn$1 @ vue.esm-browser.js:2345
get @ vue.esm-browser.js:5473
get @ vue.esm-browser.js:5540
eval @ VM230:163
renderList @ vue.esm-browser.js:5249
render @ VM230:142
renderComponentRoot @ vue.esm-browser.js:6768
componentUpdateFn @ vue.esm-browser.js:8347
run @ vue.esm-browser.js:615
updateComponent @ vue.esm-browser.js:8207
processComponent @ vue.esm-browser.js:8141
patch @ vue.esm-browser.js:7647
patchBlockChildren @ vue.esm-browser.js:8013
patchElement @ vue.esm-browser.js:7931
processElement @ vue.esm-browser.js:7785
patch @ vue.esm-browser.js:7635
componentUpdateFn @ vue.esm-browser.js:8356
run @ vue.esm-browser.js:615
runIfDirty @ vue.esm-browser.js:653
callWithErrorHandling @ vue.esm-browser.js:2492
flushJobs @ vue.esm-browser.js:2697
Promise.then
queueFlush @ vue.esm-browser.js:2611
queueJob @ vue.esm-browser.js:2606
effect.scheduler @ vue.esm-browser.js:8398
trigger @ vue.esm-browser.js:643
endBatch @ vue.esm-browser.js:701
trigger @ vue.esm-browser.js:1102
set @ vue.esm-browser.js:1420
toggleDisplay @ useUIState.js:23
handleDisplayAction @ LeftRail.js:49
onClick @ VM188:40
callWithErrorHandling @ vue.esm-browser.js:2492
callWithAsyncErrorHandling @ vue.esm-browser.js:2499
invoker @ vue.esm-browser.js:11474
vue.esm-browser.js:2345  [Vue warn]: Property "onDragLeave" was accessed during render but is not defined on instance. 
  at <AdminApp onOpenDisplay=fn<onOpenDisplay> > 
  at <App>
warn$1 @ vue.esm-browser.js:2345
get @ vue.esm-browser.js:5473
get @ vue.esm-browser.js:5540
eval @ VM230:163
renderList @ vue.esm-browser.js:5249
render @ VM230:142
renderComponentRoot @ vue.esm-browser.js:6768
componentUpdateFn @ vue.esm-browser.js:8347
run @ vue.esm-browser.js:615
updateComponent @ vue.esm-browser.js:8207
processComponent @ vue.esm-browser.js:8141
patch @ vue.esm-browser.js:7647
patchBlockChildren @ vue.esm-browser.js:8013
patchElement @ vue.esm-browser.js:7931
processElement @ vue.esm-browser.js:7785
patch @ vue.esm-browser.js:7635
componentUpdateFn @ vue.esm-browser.js:8356
run @ vue.esm-browser.js:615
runIfDirty @ vue.esm-browser.js:653
callWithErrorHandling @ vue.esm-browser.js:2492
flushJobs @ vue.esm-browser.js:2697
Promise.then
queueFlush @ vue.esm-browser.js:2611
queueJob @ vue.esm-browser.js:2606
effect.scheduler @ vue.esm-browser.js:8398
trigger @ vue.esm-browser.js:643
endBatch @ vue.esm-browser.js:701
trigger @ vue.esm-browser.js:1102
set @ vue.esm-browser.js:1420
toggleDisplay @ useUIState.js:23
handleDisplayAction @ LeftRail.js:49
onClick @ VM188:40
callWithErrorHandling @ vue.esm-browser.js:2492
callWithAsyncErrorHandling @ vue.esm-browser.js:2499
invoker @ vue.esm-browser.js:11474
vue.esm-browser.js:2345  [Vue warn]: Property "onDragLeave" was accessed during render but is not defined on instance. 
  at <AdminApp onOpenDisplay=fn<onOpenDisplay> > 
  at <App>
warn$1 @ vue.esm-browser.js:2345
get @ vue.esm-browser.js:5473
get @ vue.esm-browser.js:5540
eval @ VM230:163
renderList @ vue.esm-browser.js:5249
render @ VM230:142
renderComponentRoot @ vue.esm-browser.js:6768
componentUpdateFn @ vue.esm-browser.js:8347
run @ vue.esm-browser.js:615
updateComponent @ vue.esm-browser.js:8207
processComponent @ vue.esm-browser.js:8141
patch @ vue.esm-browser.js:7647
patchBlockChildren @ vue.esm-browser.js:8013
patchElement @ vue.esm-browser.js:7931
processElement @ vue.esm-browser.js:7785
patch @ vue.esm-browser.js:7635
componentUpdateFn @ vue.esm-browser.js:8356
run @ vue.esm-browser.js:615
runIfDirty @ vue.esm-browser.js:653
callWithErrorHandling @ vue.esm-browser.js:2492
flushJobs @ vue.esm-browser.js:2697
Promise.then
queueFlush @ vue.esm-browser.js:2611
queueJob @ vue.esm-browser.js:2606
effect.scheduler @ vue.esm-browser.js:8398
trigger @ vue.esm-browser.js:643
endBatch @ vue.esm-browser.js:701
trigger @ vue.esm-browser.js:1102
set @ vue.esm-browser.js:1420
toggleDisplay @ useUIState.js:23
handleDisplayAction @ LeftRail.js:49
onClick @ VM188:40
callWithErrorHandling @ vue.esm-browser.js:2492
callWithAsyncErrorHandling @ vue.esm-browser.js:2499
invoker @ vue.esm-browser.js:11474
